#
# A fatal error has been detected by the Java Runtime Environment:
#
#  SIGSEGV (0xb) at pc=0x00007ff819dea01f, pid=26854, tid=67331
#
# JRE version: OpenJDK Runtime Environment Zulu15.40+19-CA (15.0.7+4) (build 15.0.7+4-MTS)
# Java VM: OpenJDK 64-Bit Server VM Zulu15.40+19-CA (15.0.7+4-MTS, mixed mode, sharing, tiered, compressed oops, g1 gc, bsd-amd64)
# Problematic frame:
# C  [libobjc.A.dylib+0x901f]  objc_release+0x1f
#
# No core dump will be written. Core dumps have been disabled. To enable core dumping, try "ulimit -c unlimited" before starting Java again
#
# If you would like to submit a bug report, please visit:
#   http://www.azul.com/support/
# The crash happened outside the Java Virtual Machine in native code.
# See problematic frame for where to report the bug.
#

---------------  S U M M A R Y ------------

Command Line: -Dfile.encoding=UTF-8 -Duser.country=US -Duser.language=en -Duser.variant com.mygdx.game.desktop.DesktopLauncher

Host: MacBookPro12,1 x86_64 2700 MHz, 4 cores, 8G, Darwin 21.5.0
Time: Tue Jun  7 12:27:37 2022 EDT elapsed time: 0.746152 seconds (0d 0h 0m 0s)

---------------  T H R E A D  ---------------

Current thread (0x00007fa919823400):  JavaThread "LWJGL Application" [_thread_in_native, id=67331, stack(0x0000700009726000,0x0000700009826000)]

Stack: [0x0000700009726000,0x0000700009826000],  sp=0x0000700009825468,  free space=1021k
Native frames: (J=compiled Java code, A=aot compiled Java code, j=interpreted, Vv=VM code, C=native code)
C  [libobjc.A.dylib+0x901f]  objc_release+0x1f
C  [libobjc.A.dylib+0x9f5f]  objc_autoreleasePoolPop+0xa8
C  [CoreFoundation+0x41b8a]  _CFAutoreleasePoolPop+0x16
C  [Foundation+0x1ec21]  -[NSAutoreleasePool release]+0x85
C  [liblwjgl.dylib+0x16cce]  Java_org_lwjgl_opengl_MacOSXContextImplementation_setView+0x10e
j  org.lwjgl.opengl.MacOSXContextImplementation.setView(Ljava/nio/ByteBuffer;Ljava/nio/ByteBuffer;)V+0
j  org.lwjgl.opengl.MacOSXContextImplementation.makeCurrent(Lorg/lwjgl/opengl/PeerInfo;Ljava/nio/ByteBuffer;)V+7
j  org.lwjgl.opengl.ContextGL.makeCurrent()V+46
j  org.lwjgl.opengl.DrawableGL.makeCurrent()V+14
j  org.lwjgl.opengl.Display.makeCurrent()V+3
j  org.lwjgl.opengl.Display.makeCurrentAndSetSwapInterval()V+0
j  org.lwjgl.opengl.Display.create(Lorg/lwjgl/opengl/PixelFormat;Lorg/lwjgl/opengl/Drawable;Lorg/lwjgl/opengl/ContextAttribs;)V+108
j  org.lwjgl.opengl.Display.create(Lorg/lwjgl/opengl/PixelFormat;)V+12
j  com.badlogic.gdx.backends.lwjgl.LwjglGraphics.createDisplayPixelFormat(ZII)V+243
j  com.badlogic.gdx.backends.lwjgl.LwjglGraphics.setupDisplay()V+594
j  com.badlogic.gdx.backends.lwjgl.LwjglApplication.mainLoop()V+9
j  com.badlogic.gdx.backends.lwjgl.LwjglApplication$1.run()V+27
v  ~StubRoutines::call_stub
V  [libjvm.dylib+0x4bfec2]  _ZN9JavaCalls11call_helperEP9JavaValueRK12methodHandleP17JavaCallArgumentsP6Thread+0x2e2
V  [libjvm.dylib+0x4bedb9]  _ZN9JavaCalls12call_virtualEP9JavaValueP5KlassP6SymbolS5_P17JavaCallArgumentsP6Thread+0x1d9
V  [libjvm.dylib+0x4bee83]  _ZN9JavaCalls12call_virtualEP9JavaValue6HandleP5KlassP6SymbolS6_P6Thread+0x63
V  [libjvm.dylib+0x56f5f0]  _ZL12thread_entryP10JavaThreadP6Thread+0xb0
V  [libjvm.dylib+0xa27082]  _ZN10JavaThread17thread_main_innerEv+0xb2
V  [libjvm.dylib+0xa241a1]  _ZN6Thread8call_runEv+0x71
V  [libjvm.dylib+0x846c17]  _ZL19thread_native_entryP6Thread+0x187
C  [libsystem_pthread.dylib+0x64e1]  _pthread_start+0x7d
C  [libsystem_pthread.dylib+0x1f6b]  thread_start+0xf

Java frames: (J=compiled Java code, j=interpreted, Vv=VM code)
j  org.lwjgl.opengl.MacOSXContextImplementation.setView(Ljava/nio/ByteBuffer;Ljava/nio/ByteBuffer;)V+0
j  org.lwjgl.opengl.MacOSXContextImplementation.makeCurrent(Lorg/lwjgl/opengl/PeerInfo;Ljava/nio/ByteBuffer;)V+7
j  org.lwjgl.opengl.ContextGL.makeCurrent()V+46
j  org.lwjgl.opengl.DrawableGL.makeCurrent()V+14
j  org.lwjgl.opengl.Display.makeCurrent()V+3
j  org.lwjgl.opengl.Display.makeCurrentAndSetSwapInterval()V+0
j  org.lwjgl.opengl.Display.create(Lorg/lwjgl/opengl/PixelFormat;Lorg/lwjgl/opengl/Drawable;Lorg/lwjgl/opengl/ContextAttribs;)V+108
j  org.lwjgl.opengl.Display.create(Lorg/lwjgl/opengl/PixelFormat;)V+12
j  com.badlogic.gdx.backends.lwjgl.LwjglGraphics.createDisplayPixelFormat(ZII)V+243
j  com.badlogic.gdx.backends.lwjgl.LwjglGraphics.setupDisplay()V+594
j  com.badlogic.gdx.backends.lwjgl.LwjglApplication.mainLoop()V+9
j  com.badlogic.gdx.backends.lwjgl.LwjglApplication$1.run()V+27
v  ~StubRoutines::call_stub

siginfo: si_signo: 11 (SIGSEGV), si_code: 1 (SEGV_MAPERR), si_addr: 0x00007dffdbb2cd70

Register to memory mapping:

RAX=0x0000fdffdbb2cd50 is an unknown value
RBX=0x0000000000000001 is an unknown value
RCX=0x00007dffdbb2cd50 is an unknown value
RDX=0x0000000000000006 is an unknown value
RSP=0x0000700009825468 is pointing into the stack for thread: 0x00007fa919823400
RBP=0x00007000098254a0 is pointing into the stack for thread: 0x00007fa919823400
RSI=0x00007ff834353a99 points into unknown readable memory: 72 65 6c 65 61 73 65
RDI=0x000060000230cd50 points into unknown readable memory: 0x0000fdffdbb2cd50 | 50 cd b2 db ff fd 00 00
R8 =0x00007fa9193bf0c8 points into unknown readable memory: 0x0000000000000000 | 00 00 00 00 00 00 00 00
R9 =0x0 is NULL
R10=0x00000001330a4c60: OBJC_CLASS_$_MacOSXOpenGLView+0 in /private/var/folders/j0/0gd8np417ld1c_92q12p51ym0000gn/T/libgdxtamergabal/f7649394/liblwjgl.dylib at 0x0000000133066000
R11=0x00007ff81ca24df4: -[NSResponder release]+0 in /System/Library/Frameworks/AppKit.framework/Versions/C/AppKit at 0x00007ff81ca19000
R12=0x000060000230cd50 points into unknown readable memory: 0x0000fdffdbb2cd50 | 50 cd b2 db ff fd 00 00
R13=0xa3a3a3a3a3a3a3a3 is an unknown value
R14=0x00007fa919208070 points into unknown readable memory: 0x0000000000000000 | 00 00 00 00 00 00 00 00
R15=0x00007fa919208000 points into unknown readable memory: 0x4f545541a1a1a1a1 | a1 a1 a1 a1 41 55 54 4f


Registers:
RAX=0x0000fdffdbb2cd50, RBX=0x0000000000000001, RCX=0x00007dffdbb2cd50, RDX=0x0000000000000006
RSP=0x0000700009825468, RBP=0x00007000098254a0, RSI=0x00007ff834353a99, RDI=0x000060000230cd50
R8 =0x00007fa9193bf0c8, R9 =0x0000000000000000, R10=0x00000001330a4c60, R11=0x00007ff81ca24df4
R12=0x000060000230cd50, R13=0xa3a3a3a3a3a3a3a3, R14=0x00007fa919208070, R15=0x00007fa919208000
RIP=0x00007ff819dea01f, EFLAGS=0x0000000000010206, ERR=0x0000000000000004
  TRAPNO=0x000000000000000e

Top of Stack: (sp=0x0000700009825468)
0x0000700009825468:   00007ff819dee0da 41b83d973a5f0015
0x0000700009825478:   00007fa919208000 0000600002356c40
0x0000700009825488:   0000000115f80aa0 00007ff834353a99
0x0000700009825498:   0000600002356c40 00007000098254c0
0x00007000098254a8:   00007ff819deaf5f 41b83d973a5f0015
0x00007000098254b8:   00007fa919208070 00007000098254e0
0x00007000098254c8:   00007ff819fdcb8a 41b83d973a5f0015
0x00007000098254d8:   0000600000942160 0000700009825520
0x00007000098254e8:   00007ff81ae3bc21 00007ff859e53c00
0x00007000098254f8:   0000000000000000 41b83d973a5f0015
0x0000700009825508:   0000600000942160 00006000023575d0
0x0000700009825518:   00007fa919823728 0000700009825550
0x0000700009825528:   000000013307ccce 0000000115f80aa8
0x0000700009825538:   0000000000000000 00007000098255e8
0x0000700009825548:   00007fa919823400 00007000098255c0
0x0000700009825558:   000000011e9a83f0 00007000098255c0
0x0000700009825568:   000000011e9a813e 000000011e9a80f6
0x0000700009825578:   0000700009825578 0000000115f80aa0
0x0000700009825588:   00007000098255e8 0000000115f81050
0x0000700009825598:   0000000000000000 0000000787ae6238
0x00007000098255a8:   0000000115f80aa8 0000000000000000
0x00007000098255b8:   00007000098255e0 0000700009825638
0x00007000098255c8:   000000011e9a2eea 0000000787ae6238
0x00007000098255d8:   000000011e9a55d8 0000000787af18a0
0x00007000098255e8:   0000000787aa6238 00007000098255f0
0x00007000098255f8:   0000000115f8099f 0000700009825668
0x0000700009825608:   0000000115f81050 0000000000000000
0x0000700009825618:   0000000787ae6238 0000000115f80a10
0x0000700009825628:   00007000098255e0 0000700009825658
0x0000700009825638:   00007000098256c8 000000011e9a2f2f
0x0000700009825648:   0000000000000000 0000000787aa6238
0x0000700009825658:   0000000787af18a0 0000000787aa6178 

Instructions: (pc=0x00007ff819dea01f)
0x00007ff819de9f1f:   8b 0d 33 92 8d 41 48 89 4a 18 48 8b 0d 30 92 8d
0x00007ff819de9f2f:   41 48 89 4a 20 b9 05 00 00 00 48 89 df 48 89 c6
0x00007ff819de9f3f:   e8 9d 9b 01 00 84 c0 75 23 66 f0 41 81 4e 1c 00
0x00007ff819de9f4f:   80 48 8b 05 d9 6f e6 3f 48 8b 00 48 3b 45 e0 75
0x00007ff819de9f5f:   2c 48 83 c4 48 5b 41 5e 41 5f 5d c3 31 c0 80 3d
0x00007ff819de9f6f:   4c a4 8d 41 00 74 da 0f b6 d0 4c 89 f7 be 02 00
0x00007ff819de9f7f:   00 00 e8 18 e5 01 00 eb c8 b0 01 eb e1 e8 c9 ef
0x00007ff819de9f8f:   01 00 90 90 90 90 90 90 90 90 90 90 90 90 90 90
0x00007ff819de9f9f:   e9 04 00 00 00 90 90 90 90 40 f6 c7 01 75 4e 48
0x00007ff819de9faf:   8b 07 a8 01 74 34 48 b9 00 00 00 00 00 00 00 01
0x00007ff819de9fbf:   48 89 c2 48 c1 ea 37 74 34 48 89 c2 48 01 ca 72
0x00007ff819de9fcf:   12 f0 48 0f b1 17 74 25 a8 01 75 e4 31 f6 e9 38
0x00007ff819de9fdf:   d1 01 00 31 f6 e9 37 83 00 00 48 b9 f8 ff ff ff
0x00007ff819de9fef:   ff 7f 00 00 48 21 c8 f6 40 1c 01 74 df 48 89 f8
0x00007ff819de9fff:   c3 48 85 ff 74 76 89 f8 83 e0 01 48 85 c0 75 6c
0x00007ff819dea00f:   48 8b 07 48 b9 f8 ff ff ff ff 7f 00 00 48 21 c1
0x00007ff819dea01f:   48 8b 51 20 f6 c2 04 74 54 a8 01 74 72 48 b9 00
0x00007ff819dea02f:   00 00 00 00 00 80 00 48 ba 00 00 00 00 00 00 00
0x00007ff819dea03f:   01 48 39 c8 72 36 48 89 c6 48 29 d6 72 17 f0 48
0x00007ff819dea04f:   0f b1 37 74 22 a8 01 75 e8 31 f6 ba 01 00 00 00
0x00007ff819dea05f:   e9 46 cd 01 00 48 85 c8 75 3d 48 8b 35 18 91 8d
0x00007ff819dea06f:   41 ff 25 da 70 e6 3f 48 39 ce 72 ee c3 66 83 79
0x00007ff819dea07f:   1c 00 79 0e 83 e2 02 48 85 d2 74 06 f6 41 28 02
0x00007ff819dea08f:   75 1f 48 8b 35 40 90 8d 41 ff 25 b2 70 e6 3f f6
0x00007ff819dea09f:   41 1c 01 74 b4 eb d5 be 01 00 00 00 e9 4c a3 00
0x00007ff819dea0af:   00 48 8b 05 81 4c 89 41 ff e0 90 90 90 90 90 90
0x00007ff819dea0bf:   90 90 90 90 90 90 90 e9 04 00 00 00 90 90 90 90
0x00007ff819dea0cf:   55 48 89 e5 53 50 48 89 fb f6 c3 01 75 21 48 b8
0x00007ff819dea0df:   07 00 00 00 00 00 a0 00 48 23 03 48 83 f8 01 75
0x00007ff819dea0ef:   15 48 89 df 48 83 c4 08 5b 5d e9 34 ef 01 00 48
0x00007ff819dea0ff:   83 c4 08 5b 5d c3 48 89 df e8 0b 00 00 00 eb e1
0x00007ff819dea10f:   90 90 90 90 90 90 90 90 90 55 48 89 e5 41 56 53 


Stack slot to memory mapping:
stack at sp + 0 slots: 0x00007ff819dee0da: _ZN19AutoreleasePoolPage12releaseUntilEPP11objc_object+0xa4 in /usr/lib/libobjc.A.dylib at 0x00007ff819de1000
stack at sp + 1 slots: 0x41b83d973a5f0015 is an unknown value
stack at sp + 2 slots: 0x00007fa919208000 points into unknown readable memory: 0x4f545541a1a1a1a1 | a1 a1 a1 a1 41 55 54 4f
stack at sp + 3 slots: 0x0000600002356c40 points into unknown readable memory: 0x011dfff85b5358e9 | e9 58 53 5b f8 ff 1d 01
stack at sp + 4 slots: 0x0000000115f80aa0 is pointing into metadata
stack at sp + 5 slots: 0x00007ff834353a99 points into unknown readable memory: 72 65 6c 65 61 73 65
stack at sp + 6 slots: 0x0000600002356c40 points into unknown readable memory: 0x011dfff85b5358e9 | e9 58 53 5b f8 ff 1d 01
stack at sp + 7 slots: 0x00007000098254c0 is pointing into the stack for thread: 0x00007fa919823400


---------------  P R O C E S S  ---------------

Threads class SMR info:
_java_thread_list=0x0000600002d7f840, length=13, elements={
0x00007fa91a04ac00, 0x00007fa91a04d400, 0x00007fa91a04b800, 0x00007fa91a051200,
0x00007fa919820a00, 0x00007fa91980aa00, 0x00007fa919009a00, 0x00007fa91980b000,
0x00007fa91b011000, 0x00007fa919822000, 0x00007fa9190e8000, 0x00007fa919823400,
0x00007fa91b00ea00
}

Java Threads: ( => current thread )
  0x00007fa91a04ac00 JavaThread "Reference Handler" daemon [_thread_blocked, id=13827, stack(0x0000700008870000,0x0000700008970000)]
  0x00007fa91a04d400 JavaThread "Finalizer" daemon [_thread_blocked, id=14851, stack(0x0000700008973000,0x0000700008a73000)]
  0x00007fa91a04b800 JavaThread "Signal Dispatcher" daemon [_thread_blocked, id=42755, stack(0x0000700008bff000,0x0000700008cff000)]
  0x00007fa91a051200 JavaThread "Service Thread" daemon [_thread_blocked, id=42243, stack(0x0000700008d02000,0x0000700008e02000)]
  0x00007fa919820a00 JavaThread "C2 CompilerThread0" daemon [_thread_blocked, id=24323, stack(0x0000700008e05000,0x0000700008f05000)]
  0x00007fa91980aa00 JavaThread "C1 CompilerThread0" daemon [_thread_blocked, id=24579, stack(0x0000700008f08000,0x0000700009008000)]
  0x00007fa919009a00 JavaThread "Sweeper thread" daemon [_thread_blocked, id=25347, stack(0x000070000900b000,0x000070000910b000)]
  0x00007fa91980b000 JavaThread "Notification Thread" daemon [_thread_blocked, id=26115, stack(0x000070000910e000,0x000070000920e000)]
  0x00007fa91b011000 JavaThread "Common-Cleaner" daemon [_thread_blocked, id=39683, stack(0x0000700009314000,0x0000700009414000)]
  0x00007fa919822000 JavaThread "AppKit Thread" daemon [_thread_in_native, id=259, stack(0x00007ff7b1eb0000,0x00007ff7b26b0000)]
  0x00007fa9190e8000 JavaThread "AWT-Shutdown" [_thread_blocked, id=44035, stack(0x0000700009417000,0x0000700009517000)]
=>0x00007fa919823400 JavaThread "LWJGL Application" [_thread_in_native, id=67331, stack(0x0000700009726000,0x0000700009826000)]
  0x00007fa91b00ea00 JavaThread "DestroyJavaVM" [_thread_blocked, id=10243, stack(0x000070000815b000,0x000070000825b000)]

Other Threads:
  0x00007fa91a811090 VMThread "VM Thread" [stack: 0x000070000876d000,0x000070000886d000] [id=13315]
  0x00007fa91ab08a10 WatcherThread [stack: 0x0000700009211000,0x0000700009311000] [id=40195]
  0x00007fa918f071c0 GCTaskThread "GC Thread#0" [stack: 0x000070000825e000,0x000070000835e000] [id=12035]
  0x00007fa91a804a70 ConcurrentGCThread "G1 Main Marker" [stack: 0x0000700008361000,0x0000700008461000] [id=18947]
  0x00007fa91a805540 ConcurrentGCThread "G1 Conc#0" [stack: 0x0000700008464000,0x0000700008564000] [id=12291]
  0x00007fa91a810030 ConcurrentGCThread "G1 Refine#0" [stack: 0x0000700008567000,0x0000700008667000] [id=17667]
  0x00007fa918f079c0 ConcurrentGCThread "G1 Young RemSet Sampling" [stack: 0x000070000866a000,0x000070000876a000] [id=12803]

Threads with active compile tasks:

VM state: not at safepoint (normal execution)

VM Mutex/Monitor currently owned by a thread: None

Heap address: 0x0000000780000000, size: 2048 MB, Compressed Oops mode: Zero based, Oop shift amount: 3
CDS archive(s) mapped at: [0x0000000800000000-0x0000000800b30000-0x0000000800b30000), size 11730944, SharedBaseAddress: 0x0000000800000000, ArchiveRelocationMode: 0.
Compressed class space mapped at: 0x0000000800b30000-0x0000000840b30000, size: 1073741824
Narrow klass base: 0x0000000800000000, Narrow klass shift: 3, Narrow klass range: 0x100000000

GC Precious Log:
 CPUs: 4 total, 4 available
 Memory: 8192M
 Large Page Support: Disabled
 NUMA Support: Disabled
 Compressed Oops: Enabled (Zero based)
 Heap Region Size: 1M
 Heap Min Capacity: 8M
 Heap Initial Capacity: 128M
 Heap Max Capacity: 2G
 Pre-touch: Disabled
 Parallel Workers: 4
 Concurrent Workers: 1
 Concurrent Refinement Workers: 4
 Periodic GC: Disabled

Heap:
 garbage-first heap   total 133120K, used 5928K [0x0000000780000000, 0x0000000800000000)
  region size 1024K, 6 young (6144K), 0 survivors (0K)
 Metaspace       used 3456K, capacity 5659K, committed 6016K, reserved 1056768K
  class space    used 327K, capacity 519K, committed 640K, reserved 1048576K

Heap Regions: E=young(eden), S=young(survivor), O=old, HS=humongous(starts), HC=humongous(continues), CS=collection set, F=free, OA=open archive, CA=closed archive, TAMS=top-at-mark-start (previous, next)
|   0|0x0000000780000000, 0x0000000780000000, 0x0000000780100000|  0%| F|  |TAMS 0x0000000780000000, 0x0000000780000000| Untracked 
|   1|0x0000000780100000, 0x0000000780100000, 0x0000000780200000|  0%| F|  |TAMS 0x0000000780100000, 0x0000000780100000| Untracked 
|   2|0x0000000780200000, 0x0000000780200000, 0x0000000780300000|  0%| F|  |TAMS 0x0000000780200000, 0x0000000780200000| Untracked 
|   3|0x0000000780300000, 0x0000000780300000, 0x0000000780400000|  0%| F|  |TAMS 0x0000000780300000, 0x0000000780300000| Untracked 
|   4|0x0000000780400000, 0x0000000780400000, 0x0000000780500000|  0%| F|  |TAMS 0x0000000780400000, 0x0000000780400000| Untracked 
|   5|0x0000000780500000, 0x0000000780500000, 0x0000000780600000|  0%| F|  |TAMS 0x0000000780500000, 0x0000000780500000| Untracked 
|   6|0x0000000780600000, 0x0000000780600000, 0x0000000780700000|  0%| F|  |TAMS 0x0000000780600000, 0x0000000780600000| Untracked 
|   7|0x0000000780700000, 0x0000000780700000, 0x0000000780800000|  0%| F|  |TAMS 0x0000000780700000, 0x0000000780700000| Untracked 
|   8|0x0000000780800000, 0x0000000780800000, 0x0000000780900000|  0%| F|  |TAMS 0x0000000780800000, 0x0000000780800000| Untracked 
|   9|0x0000000780900000, 0x0000000780900000, 0x0000000780a00000|  0%| F|  |TAMS 0x0000000780900000, 0x0000000780900000| Untracked 
|  10|0x0000000780a00000, 0x0000000780a00000, 0x0000000780b00000|  0%| F|  |TAMS 0x0000000780a00000, 0x0000000780a00000| Untracked 
|  11|0x0000000780b00000, 0x0000000780b00000, 0x0000000780c00000|  0%| F|  |TAMS 0x0000000780b00000, 0x0000000780b00000| Untracked 
|  12|0x0000000780c00000, 0x0000000780c00000, 0x0000000780d00000|  0%| F|  |TAMS 0x0000000780c00000, 0x0000000780c00000| Untracked 
|  13|0x0000000780d00000, 0x0000000780d00000, 0x0000000780e00000|  0%| F|  |TAMS 0x0000000780d00000, 0x0000000780d00000| Untracked 
|  14|0x0000000780e00000, 0x0000000780e00000, 0x0000000780f00000|  0%| F|  |TAMS 0x0000000780e00000, 0x0000000780e00000| Untracked 
|  15|0x0000000780f00000, 0x0000000780f00000, 0x0000000781000000|  0%| F|  |TAMS 0x0000000780f00000, 0x0000000780f00000| Untracked 
|  16|0x0000000781000000, 0x0000000781000000, 0x0000000781100000|  0%| F|  |TAMS 0x0000000781000000, 0x0000000781000000| Untracked 
|  17|0x0000000781100000, 0x0000000781100000, 0x0000000781200000|  0%| F|  |TAMS 0x0000000781100000, 0x0000000781100000| Untracked 
|  18|0x0000000781200000, 0x0000000781200000, 0x0000000781300000|  0%| F|  |TAMS 0x0000000781200000, 0x0000000781200000| Untracked 
|  19|0x0000000781300000, 0x0000000781300000, 0x0000000781400000|  0%| F|  |TAMS 0x0000000781300000, 0x0000000781300000| Untracked 
|  20|0x0000000781400000, 0x0000000781400000, 0x0000000781500000|  0%| F|  |TAMS 0x0000000781400000, 0x0000000781400000| Untracked 
|  21|0x0000000781500000, 0x0000000781500000, 0x0000000781600000|  0%| F|  |TAMS 0x0000000781500000, 0x0000000781500000| Untracked 
|  22|0x0000000781600000, 0x0000000781600000, 0x0000000781700000|  0%| F|  |TAMS 0x0000000781600000, 0x0000000781600000| Untracked 
|  23|0x0000000781700000, 0x0000000781700000, 0x0000000781800000|  0%| F|  |TAMS 0x0000000781700000, 0x0000000781700000| Untracked 
|  24|0x0000000781800000, 0x0000000781800000, 0x0000000781900000|  0%| F|  |TAMS 0x0000000781800000, 0x0000000781800000| Untracked 
|  25|0x0000000781900000, 0x0000000781900000, 0x0000000781a00000|  0%| F|  |TAMS 0x0000000781900000, 0x0000000781900000| Untracked 
|  26|0x0000000781a00000, 0x0000000781a00000, 0x0000000781b00000|  0%| F|  |TAMS 0x0000000781a00000, 0x0000000781a00000| Untracked 
|  27|0x0000000781b00000, 0x0000000781b00000, 0x0000000781c00000|  0%| F|  |TAMS 0x0000000781b00000, 0x0000000781b00000| Untracked 
|  28|0x0000000781c00000, 0x0000000781c00000, 0x0000000781d00000|  0%| F|  |TAMS 0x0000000781c00000, 0x0000000781c00000| Untracked 
|  29|0x0000000781d00000, 0x0000000781d00000, 0x0000000781e00000|  0%| F|  |TAMS 0x0000000781d00000, 0x0000000781d00000| Untracked 
|  30|0x0000000781e00000, 0x0000000781e00000, 0x0000000781f00000|  0%| F|  |TAMS 0x0000000781e00000, 0x0000000781e00000| Untracked 
|  31|0x0000000781f00000, 0x0000000781f00000, 0x0000000782000000|  0%| F|  |TAMS 0x0000000781f00000, 0x0000000781f00000| Untracked 
|  32|0x0000000782000000, 0x0000000782000000, 0x0000000782100000|  0%| F|  |TAMS 0x0000000782000000, 0x0000000782000000| Untracked 
|  33|0x0000000782100000, 0x0000000782100000, 0x0000000782200000|  0%| F|  |TAMS 0x0000000782100000, 0x0000000782100000| Untracked 
|  34|0x0000000782200000, 0x0000000782200000, 0x0000000782300000|  0%| F|  |TAMS 0x0000000782200000, 0x0000000782200000| Untracked 
|  35|0x0000000782300000, 0x0000000782300000, 0x0000000782400000|  0%| F|  |TAMS 0x0000000782300000, 0x0000000782300000| Untracked 
|  36|0x0000000782400000, 0x0000000782400000, 0x0000000782500000|  0%| F|  |TAMS 0x0000000782400000, 0x0000000782400000| Untracked 
|  37|0x0000000782500000, 0x0000000782500000, 0x0000000782600000|  0%| F|  |TAMS 0x0000000782500000, 0x0000000782500000| Untracked 
|  38|0x0000000782600000, 0x0000000782600000, 0x0000000782700000|  0%| F|  |TAMS 0x0000000782600000, 0x0000000782600000| Untracked 
|  39|0x0000000782700000, 0x0000000782700000, 0x0000000782800000|  0%| F|  |TAMS 0x0000000782700000, 0x0000000782700000| Untracked 
|  40|0x0000000782800000, 0x0000000782800000, 0x0000000782900000|  0%| F|  |TAMS 0x0000000782800000, 0x0000000782800000| Untracked 
|  41|0x0000000782900000, 0x0000000782900000, 0x0000000782a00000|  0%| F|  |TAMS 0x0000000782900000, 0x0000000782900000| Untracked 
|  42|0x0000000782a00000, 0x0000000782a00000, 0x0000000782b00000|  0%| F|  |TAMS 0x0000000782a00000, 0x0000000782a00000| Untracked 
|  43|0x0000000782b00000, 0x0000000782b00000, 0x0000000782c00000|  0%| F|  |TAMS 0x0000000782b00000, 0x0000000782b00000| Untracked 
|  44|0x0000000782c00000, 0x0000000782c00000, 0x0000000782d00000|  0%| F|  |TAMS 0x0000000782c00000, 0x0000000782c00000| Untracked 
|  45|0x0000000782d00000, 0x0000000782d00000, 0x0000000782e00000|  0%| F|  |TAMS 0x0000000782d00000, 0x0000000782d00000| Untracked 
|  46|0x0000000782e00000, 0x0000000782e00000, 0x0000000782f00000|  0%| F|  |TAMS 0x0000000782e00000, 0x0000000782e00000| Untracked 
|  47|0x0000000782f00000, 0x0000000782f00000, 0x0000000783000000|  0%| F|  |TAMS 0x0000000782f00000, 0x0000000782f00000| Untracked 
|  48|0x0000000783000000, 0x0000000783000000, 0x0000000783100000|  0%| F|  |TAMS 0x0000000783000000, 0x0000000783000000| Untracked 
|  49|0x0000000783100000, 0x0000000783100000, 0x0000000783200000|  0%| F|  |TAMS 0x0000000783100000, 0x0000000783100000| Untracked 
|  50|0x0000000783200000, 0x0000000783200000, 0x0000000783300000|  0%| F|  |TAMS 0x0000000783200000, 0x0000000783200000| Untracked 
|  51|0x0000000783300000, 0x0000000783300000, 0x0000000783400000|  0%| F|  |TAMS 0x0000000783300000, 0x0000000783300000| Untracked 
|  52|0x0000000783400000, 0x0000000783400000, 0x0000000783500000|  0%| F|  |TAMS 0x0000000783400000, 0x0000000783400000| Untracked 
|  53|0x0000000783500000, 0x0000000783500000, 0x0000000783600000|  0%| F|  |TAMS 0x0000000783500000, 0x0000000783500000| Untracked 
|  54|0x0000000783600000, 0x0000000783600000, 0x0000000783700000|  0%| F|  |TAMS 0x0000000783600000, 0x0000000783600000| Untracked 
|  55|0x0000000783700000, 0x0000000783700000, 0x0000000783800000|  0%| F|  |TAMS 0x0000000783700000, 0x0000000783700000| Untracked 
|  56|0x0000000783800000, 0x0000000783800000, 0x0000000783900000|  0%| F|  |TAMS 0x0000000783800000, 0x0000000783800000| Untracked 
|  57|0x0000000783900000, 0x0000000783900000, 0x0000000783a00000|  0%| F|  |TAMS 0x0000000783900000, 0x0000000783900000| Untracked 
|  58|0x0000000783a00000, 0x0000000783a00000, 0x0000000783b00000|  0%| F|  |TAMS 0x0000000783a00000, 0x0000000783a00000| Untracked 
|  59|0x0000000783b00000, 0x0000000783b00000, 0x0000000783c00000|  0%| F|  |TAMS 0x0000000783b00000, 0x0000000783b00000| Untracked 
|  60|0x0000000783c00000, 0x0000000783c00000, 0x0000000783d00000|  0%| F|  |TAMS 0x0000000783c00000, 0x0000000783c00000| Untracked 
|  61|0x0000000783d00000, 0x0000000783d00000, 0x0000000783e00000|  0%| F|  |TAMS 0x0000000783d00000, 0x0000000783d00000| Untracked 
|  62|0x0000000783e00000, 0x0000000783e00000, 0x0000000783f00000|  0%| F|  |TAMS 0x0000000783e00000, 0x0000000783e00000| Untracked 
|  63|0x0000000783f00000, 0x0000000783f00000, 0x0000000784000000|  0%| F|  |TAMS 0x0000000783f00000, 0x0000000783f00000| Untracked 
|  64|0x0000000784000000, 0x0000000784000000, 0x0000000784100000|  0%| F|  |TAMS 0x0000000784000000, 0x0000000784000000| Untracked 
|  65|0x0000000784100000, 0x0000000784100000, 0x0000000784200000|  0%| F|  |TAMS 0x0000000784100000, 0x0000000784100000| Untracked 
|  66|0x0000000784200000, 0x0000000784200000, 0x0000000784300000|  0%| F|  |TAMS 0x0000000784200000, 0x0000000784200000| Untracked 
|  67|0x0000000784300000, 0x0000000784300000, 0x0000000784400000|  0%| F|  |TAMS 0x0000000784300000, 0x0000000784300000| Untracked 
|  68|0x0000000784400000, 0x0000000784400000, 0x0000000784500000|  0%| F|  |TAMS 0x0000000784400000, 0x0000000784400000| Untracked 
|  69|0x0000000784500000, 0x0000000784500000, 0x0000000784600000|  0%| F|  |TAMS 0x0000000784500000, 0x0000000784500000| Untracked 
|  70|0x0000000784600000, 0x0000000784600000, 0x0000000784700000|  0%| F|  |TAMS 0x0000000784600000, 0x0000000784600000| Untracked 
|  71|0x0000000784700000, 0x0000000784700000, 0x0000000784800000|  0%| F|  |TAMS 0x0000000784700000, 0x0000000784700000| Untracked 
|  72|0x0000000784800000, 0x0000000784800000, 0x0000000784900000|  0%| F|  |TAMS 0x0000000784800000, 0x0000000784800000| Untracked 
|  73|0x0000000784900000, 0x0000000784900000, 0x0000000784a00000|  0%| F|  |TAMS 0x0000000784900000, 0x0000000784900000| Untracked 
|  74|0x0000000784a00000, 0x0000000784a00000, 0x0000000784b00000|  0%| F|  |TAMS 0x0000000784a00000, 0x0000000784a00000| Untracked 
|  75|0x0000000784b00000, 0x0000000784b00000, 0x0000000784c00000|  0%| F|  |TAMS 0x0000000784b00000, 0x0000000784b00000| Untracked 
|  76|0x0000000784c00000, 0x0000000784c00000, 0x0000000784d00000|  0%| F|  |TAMS 0x0000000784c00000, 0x0000000784c00000| Untracked 
|  77|0x0000000784d00000, 0x0000000784d00000, 0x0000000784e00000|  0%| F|  |TAMS 0x0000000784d00000, 0x0000000784d00000| Untracked 
|  78|0x0000000784e00000, 0x0000000784e00000, 0x0000000784f00000|  0%| F|  |TAMS 0x0000000784e00000, 0x0000000784e00000| Untracked 
|  79|0x0000000784f00000, 0x0000000784f00000, 0x0000000785000000|  0%| F|  |TAMS 0x0000000784f00000, 0x0000000784f00000| Untracked 
|  80|0x0000000785000000, 0x0000000785000000, 0x0000000785100000|  0%| F|  |TAMS 0x0000000785000000, 0x0000000785000000| Untracked 
|  81|0x0000000785100000, 0x0000000785100000, 0x0000000785200000|  0%| F|  |TAMS 0x0000000785100000, 0x0000000785100000| Untracked 
|  82|0x0000000785200000, 0x0000000785200000, 0x0000000785300000|  0%| F|  |TAMS 0x0000000785200000, 0x0000000785200000| Untracked 
|  83|0x0000000785300000, 0x0000000785300000, 0x0000000785400000|  0%| F|  |TAMS 0x0000000785300000, 0x0000000785300000| Untracked 
|  84|0x0000000785400000, 0x0000000785400000, 0x0000000785500000|  0%| F|  |TAMS 0x0000000785400000, 0x0000000785400000| Untracked 
|  85|0x0000000785500000, 0x0000000785500000, 0x0000000785600000|  0%| F|  |TAMS 0x0000000785500000, 0x0000000785500000| Untracked 
|  86|0x0000000785600000, 0x0000000785600000, 0x0000000785700000|  0%| F|  |TAMS 0x0000000785600000, 0x0000000785600000| Untracked 
|  87|0x0000000785700000, 0x0000000785700000, 0x0000000785800000|  0%| F|  |TAMS 0x0000000785700000, 0x0000000785700000| Untracked 
|  88|0x0000000785800000, 0x0000000785800000, 0x0000000785900000|  0%| F|  |TAMS 0x0000000785800000, 0x0000000785800000| Untracked 
|  89|0x0000000785900000, 0x0000000785900000, 0x0000000785a00000|  0%| F|  |TAMS 0x0000000785900000, 0x0000000785900000| Untracked 
|  90|0x0000000785a00000, 0x0000000785a00000, 0x0000000785b00000|  0%| F|  |TAMS 0x0000000785a00000, 0x0000000785a00000| Untracked 
|  91|0x0000000785b00000, 0x0000000785b00000, 0x0000000785c00000|  0%| F|  |TAMS 0x0000000785b00000, 0x0000000785b00000| Untracked 
|  92|0x0000000785c00000, 0x0000000785c00000, 0x0000000785d00000|  0%| F|  |TAMS 0x0000000785c00000, 0x0000000785c00000| Untracked 
|  93|0x0000000785d00000, 0x0000000785d00000, 0x0000000785e00000|  0%| F|  |TAMS 0x0000000785d00000, 0x0000000785d00000| Untracked 
|  94|0x0000000785e00000, 0x0000000785e00000, 0x0000000785f00000|  0%| F|  |TAMS 0x0000000785e00000, 0x0000000785e00000| Untracked 
|  95|0x0000000785f00000, 0x0000000785f00000, 0x0000000786000000|  0%| F|  |TAMS 0x0000000785f00000, 0x0000000785f00000| Untracked 
|  96|0x0000000786000000, 0x0000000786000000, 0x0000000786100000|  0%| F|  |TAMS 0x0000000786000000, 0x0000000786000000| Untracked 
|  97|0x0000000786100000, 0x0000000786100000, 0x0000000786200000|  0%| F|  |TAMS 0x0000000786100000, 0x0000000786100000| Untracked 
|  98|0x0000000786200000, 0x0000000786200000, 0x0000000786300000|  0%| F|  |TAMS 0x0000000786200000, 0x0000000786200000| Untracked 
|  99|0x0000000786300000, 0x0000000786300000, 0x0000000786400000|  0%| F|  |TAMS 0x0000000786300000, 0x0000000786300000| Untracked 
| 100|0x0000000786400000, 0x0000000786400000, 0x0000000786500000|  0%| F|  |TAMS 0x0000000786400000, 0x0000000786400000| Untracked 
| 101|0x0000000786500000, 0x0000000786500000, 0x0000000786600000|  0%| F|  |TAMS 0x0000000786500000, 0x0000000786500000| Untracked 
| 102|0x0000000786600000, 0x0000000786600000, 0x0000000786700000|  0%| F|  |TAMS 0x0000000786600000, 0x0000000786600000| Untracked 
| 103|0x0000000786700000, 0x0000000786700000, 0x0000000786800000|  0%| F|  |TAMS 0x0000000786700000, 0x0000000786700000| Untracked 
| 104|0x0000000786800000, 0x0000000786800000, 0x0000000786900000|  0%| F|  |TAMS 0x0000000786800000, 0x0000000786800000| Untracked 
| 105|0x0000000786900000, 0x0000000786900000, 0x0000000786a00000|  0%| F|  |TAMS 0x0000000786900000, 0x0000000786900000| Untracked 
| 106|0x0000000786a00000, 0x0000000786a00000, 0x0000000786b00000|  0%| F|  |TAMS 0x0000000786a00000, 0x0000000786a00000| Untracked 
| 107|0x0000000786b00000, 0x0000000786b00000, 0x0000000786c00000|  0%| F|  |TAMS 0x0000000786b00000, 0x0000000786b00000| Untracked 
| 108|0x0000000786c00000, 0x0000000786c00000, 0x0000000786d00000|  0%| F|  |TAMS 0x0000000786c00000, 0x0000000786c00000| Untracked 
| 109|0x0000000786d00000, 0x0000000786d00000, 0x0000000786e00000|  0%| F|  |TAMS 0x0000000786d00000, 0x0000000786d00000| Untracked 
| 110|0x0000000786e00000, 0x0000000786e00000, 0x0000000786f00000|  0%| F|  |TAMS 0x0000000786e00000, 0x0000000786e00000| Untracked 
| 111|0x0000000786f00000, 0x0000000786f00000, 0x0000000787000000|  0%| F|  |TAMS 0x0000000786f00000, 0x0000000786f00000| Untracked 
| 112|0x0000000787000000, 0x0000000787000000, 0x0000000787100000|  0%| F|  |TAMS 0x0000000787000000, 0x0000000787000000| Untracked 
| 113|0x0000000787100000, 0x0000000787100000, 0x0000000787200000|  0%| F|  |TAMS 0x0000000787100000, 0x0000000787100000| Untracked 
| 114|0x0000000787200000, 0x0000000787200000, 0x0000000787300000|  0%| F|  |TAMS 0x0000000787200000, 0x0000000787200000| Untracked 
| 115|0x0000000787300000, 0x0000000787300000, 0x0000000787400000|  0%| F|  |TAMS 0x0000000787300000, 0x0000000787300000| Untracked 
| 116|0x0000000787400000, 0x0000000787400000, 0x0000000787500000|  0%| F|  |TAMS 0x0000000787400000, 0x0000000787400000| Untracked 
| 117|0x0000000787500000, 0x0000000787500000, 0x0000000787600000|  0%| F|  |TAMS 0x0000000787500000, 0x0000000787500000| Untracked 
| 118|0x0000000787600000, 0x0000000787600000, 0x0000000787700000|  0%| F|  |TAMS 0x0000000787600000, 0x0000000787600000| Untracked 
| 119|0x0000000787700000, 0x0000000787700000, 0x0000000787800000|  0%| F|  |TAMS 0x0000000787700000, 0x0000000787700000| Untracked 
| 120|0x0000000787800000, 0x0000000787800000, 0x0000000787900000|  0%| F|  |TAMS 0x0000000787800000, 0x0000000787800000| Untracked 
| 121|0x0000000787900000, 0x0000000787900000, 0x0000000787a00000|  0%| F|  |TAMS 0x0000000787900000, 0x0000000787900000| Untracked 
| 122|0x0000000787a00000, 0x0000000787b00000, 0x0000000787b00000|100%| E|  |TAMS 0x0000000787a00000, 0x0000000787a00000| Complete 
| 123|0x0000000787b00000, 0x0000000787c00000, 0x0000000787c00000|100%| E|CS|TAMS 0x0000000787b00000, 0x0000000787b00000| Complete 
| 124|0x0000000787c00000, 0x0000000787d00000, 0x0000000787d00000|100%| E|CS|TAMS 0x0000000787c00000, 0x0000000787c00000| Complete 
| 125|0x0000000787d00000, 0x0000000787e00000, 0x0000000787e00000|100%| E|CS|TAMS 0x0000000787d00000, 0x0000000787d00000| Complete 
| 126|0x0000000787e00000, 0x0000000787f00000, 0x0000000787f00000|100%| E|CS|TAMS 0x0000000787e00000, 0x0000000787e00000| Complete 
| 127|0x0000000787f00000, 0x0000000788000000, 0x0000000788000000|100%| E|CS|TAMS 0x0000000787f00000, 0x0000000787f00000| Complete 
|1022|0x00000007bfe00000, 0x00000007bfe51000, 0x00000007bff00000| 31%|OA|  |TAMS 0x00000007bfe00000, 0x00000007bfe00000| Untracked 
|1023|0x00000007bff00000, 0x00000007bff79000, 0x00000007c0000000| 47%|CA|  |TAMS 0x00000007bff00000, 0x00000007bff00000| Untracked 

Card table byte_map: [0x000000010e00f000,0x000000010e40f000] _byte_map_base: 0x000000010a40f000

Marking Bits (Prev, Next): (CMBitMap*) 0x00007fa91900b010, (CMBitMap*) 0x00007fa91900b050
 Prev Bits: [0x000000010fa7e000, 0x0000000111a7e000)
 Next Bits: [0x0000000111a7e000, 0x0000000113a7e000)

Polling page: 0x000000010d98b000

Metaspace:

Usage:
  Non-class:      5.02 MB capacity,     3.06 MB ( 61%) used,     1.96 MB ( 39%) free+waste,     5.50 KB ( <1%) overhead. 
      Class:    519.00 KB capacity,   327.27 KB ( 63%) used,   189.30 KB ( 36%) free+waste,     2.44 KB ( <1%) overhead. 
       Both:      5.53 MB capacity,     3.38 MB ( 61%) used,     2.14 MB ( 39%) free+waste,     7.94 KB ( <1%) overhead. 

Virtual space:
  Non-class space:        8.00 MB reserved,       5.25 MB ( 66%) committed 
      Class space:        1.00 GB reserved,     640.00 KB ( <1%) committed 
             Both:        1.01 GB reserved,       5.88 MB ( <1%) committed 

Chunk freelists:
   Non-Class:  44.00 KB
       Class:  25.00 KB
        Both:  69.00 KB

MaxMetaspaceSize: 17179869184.00 GB
CompressedClassSpaceSize: 1.00 GB

CodeHeap 'non-profiled nmethods': size=120032Kb used=165Kb max_used=165Kb free=119867Kb
 bounds [0x0000000126461000, 0x00000001266d1000, 0x000000012d999000]
CodeHeap 'profiled nmethods': size=120028Kb used=752Kb max_used=752Kb free=119275Kb
 bounds [0x000000011ef2a000, 0x000000011f19a000, 0x0000000126461000]
CodeHeap 'non-nmethods': size=5700Kb used=1155Kb max_used=1158Kb free=4544Kb
 bounds [0x000000011e999000, 0x000000011ec09000, 0x000000011ef2a000]
 total_blobs=917 nmethods=505 adapters=326
 compilation: enabled
              stopped_count=0, restarted_count=0
 full_count=0

Compilation events (20 events):
Event: 0.704 Thread 0x00007fa91980aa00  495       3       java.lang.String::equalsIgnoreCase (45 bytes)
Event: 0.704 Thread 0x00007fa91980aa00 nmethod 495 0x000000011efe1890 code [0x000000011efe1a80, 0x000000011efe1fc0]
Event: 0.704 Thread 0x00007fa91980aa00  496       3       java.util.WeakHashMap::getTable (9 bytes)
Event: 0.705 Thread 0x00007fa91980aa00 nmethod 496 0x000000011efe2190 code [0x000000011efe2320, 0x000000011efe2460]
Event: 0.705 Thread 0x00007fa91980aa00  497   !   3       java.util.WeakHashMap::expungeStaleEntries (139 bytes)
Event: 0.706 Thread 0x00007fa91980aa00 nmethod 497 0x000000011efe2510 code [0x000000011efe2720, 0x000000011efe3160]
Event: 0.706 Thread 0x00007fa91980aa00  498       3       java.util.WeakHashMap::indexFor (6 bytes)
Event: 0.706 Thread 0x00007fa91980aa00 nmethod 498 0x000000011efe3610 code [0x000000011efe37a0, 0x000000011efe3870]
Event: 0.711 Thread 0x00007fa91980aa00  499       3       java.nio.ByteBuffer::<init> (47 bytes)
Event: 0.713 Thread 0x00007fa91980aa00 nmethod 499 0x000000011efe3910 code [0x000000011efe3ac0, 0x000000011efe3ce0]
Event: 0.719 Thread 0x00007fa91980aa00  500       3       java.util.zip.ZipUtils::CENLEN (9 bytes)
Event: 0.721 Thread 0x00007fa91980aa00 nmethod 500 0x000000011efe3e10 code [0x000000011efe3fc0, 0x000000011efe4290]
Event: 0.724 Thread 0x00007fa91980aa00  501       3       java.lang.Integer::valueOf (32 bytes)
Event: 0.725 Thread 0x00007fa91980aa00 nmethod 501 0x000000011efe4410 code [0x000000011efe45c0, 0x000000011efe48d0]
Event: 0.725 Thread 0x00007fa91980aa00  502       3       java.nio.Buffer::remaining (20 bytes)
Event: 0.725 Thread 0x00007fa91980aa00 nmethod 502 0x000000011efe4a10 code [0x000000011efe4ba0, 0x000000011efe4cf0]
Event: 0.734 Thread 0x00007fa91980aa00  504       3       java.lang.ClassLoader::loadClass (7 bytes)
Event: 0.734 Thread 0x00007fa91980aa00 nmethod 504 0x000000011efe4d90 code [0x000000011efe4f20, 0x000000011efe50e0]
Event: 0.734 Thread 0x00007fa91980aa00  505       3       jdk.internal.loader.ClassLoaders$AppClassLoader::loadClass (40 bytes)
Event: 0.735 Thread 0x00007fa91980aa00 nmethod 505 0x000000011efe5190 code [0x000000011efe53e0, 0x000000011efe5d10]

GC Heap History (0 events):
No events

Deoptimization events (10 events):
Event: 0.139 Thread 0x00007fa91a00b800 DEOPT PACKING pc=0x000000011ef391b6 sp=0x0000700008256580
Event: 0.139 Thread 0x00007fa91a00b800 DEOPT UNPACKING pc=0x000000011e9e6f2b sp=0x0000700008255ac0 mode 0
Event: 0.141 Thread 0x00007fa91a00b800 DEOPT PACKING pc=0x000000011ef391b6 sp=0x0000700008256580
Event: 0.141 Thread 0x00007fa91a00b800 DEOPT UNPACKING pc=0x000000011e9e6f2b sp=0x0000700008255ac0 mode 0
Event: 0.142 Thread 0x00007fa91a00b800 DEOPT PACKING pc=0x000000011ef391b6 sp=0x0000700008256580
Event: 0.142 Thread 0x00007fa91a00b800 DEOPT UNPACKING pc=0x000000011e9e6f2b sp=0x0000700008255ac0 mode 0
Event: 0.142 Thread 0x00007fa91a00b800 DEOPT PACKING pc=0x000000011ef391b6 sp=0x0000700008256580
Event: 0.142 Thread 0x00007fa91a00b800 DEOPT UNPACKING pc=0x000000011e9e6f2b sp=0x0000700008255ac0 mode 0
Event: 0.233 Thread 0x00007fa91a00b800 DEOPT PACKING pc=0x000000011ef3f6e8 sp=0x0000700008256b50
Event: 0.233 Thread 0x00007fa91a00b800 DEOPT UNPACKING pc=0x000000011e9e6f2b sp=0x0000700008255fc0 mode 0

Classes unloaded (0 events):
No events

Classes redefined (0 events):
No events

Internal exceptions (9 events):
Event: 0.206 Thread 0x00007fa91a00b800 Exception <a 'java/lang/NoSuchMethodError'{0x0000000787d3de40}: 'void java.lang.invoke.DirectMethodHandle$Holder.invokeStatic(java.lang.Object, java.lang.Object)'> (0x0000000787d3de40) 
thrown [./src/hotspot/share/interpreter/linkResolver.cpp, line 782]
Event: 0.207 Thread 0x00007fa91a00b800 Exception <a 'java/lang/NoSuchMethodError'{0x0000000787d41d08}: 'void java.lang.invoke.DirectMethodHandle$Holder.invokeStaticInit(java.lang.Object, java.lang.Object)'> (0x0000000787d41d08) 
thrown [./src/hotspot/share/interpreter/linkResolver.cpp, line 782]
Event: 0.251 Thread 0x00007fa91a00b800 Exception <a 'java/lang/ClassNotFoundException'{0x0000000787c01d78}: sun/awt/resources/spi/awtProvider> (0x0000000787c01d78) 
thrown [./src/hotspot/share/classfile/systemDictionary.cpp, line 295]
Event: 0.272 Thread 0x00007fa91a00b800 Exception <a 'java/io/FileNotFoundException'{0x0000000787c4d540}> (0x0000000787c4d540) 
thrown [./src/hotspot/share/prims/jni.cpp, line 578]
Event: 0.281 Thread 0x00007fa91a00b800 Exception <a 'java/io/FileNotFoundException'{0x0000000787c7bca0}> (0x0000000787c7bca0) 
thrown [./src/hotspot/share/prims/jni.cpp, line 578]
Event: 0.281 Thread 0x00007fa91a00b800 Exception <a 'java/lang/NoSuchMethodError'{0x0000000787c7cd78}: 'java.lang.Object java.lang.invoke.DirectMethodHandle$Holder.invokeStatic(java.lang.Object)'> (0x0000000787c7cd78) 
thrown [./src/hotspot/share/interpreter/linkResolver.cpp, line 782]
Event: 0.282 Thread 0x00007fa91a00b800 Exception <a 'java/lang/NoSuchMethodError'{0x0000000787c803e8}: 'java.lang.Object java.lang.invoke.DirectMethodHandle$Holder.invokeStaticInit(java.lang.Object)'> (0x0000000787c803e8) 
thrown [./src/hotspot/share/interpreter/linkResolver.cpp, line 782]
Event: 0.286 Thread 0x00007fa91a00b800 Exception <a 'java/lang/ClassNotFoundException'{0x0000000787c86990}: sun/awt/resources/spi/awtosxProvider> (0x0000000787c86990) 
thrown [./src/hotspot/share/classfile/systemDictionary.cpp, line 295]
Event: 0.291 Thread 0x00007fa91a00b800 Exception <a 'java/lang/NoSuchMethodError'{0x0000000787c8ce20}: 'void java.lang.invoke.DirectMethodHandle$Holder.invokeSpecial(java.lang.Object, java.lang.Object, java.lang.Object)'> (0x0000000787c8ce20) 
thrown [./src/hotspot/share/interpreter/linkResolver.cpp, line 782]

Events (20 events):
Event: 0.716 loading class java/awt/Image
Event: 0.716 loading class java/awt/Image done
Event: 0.716 loading class java/awt/image/BufferedImage
Event: 0.716 loading class java/awt/image/WritableRenderedImage
Event: 0.716 loading class java/awt/image/RenderedImage
Event: 0.716 loading class java/awt/image/RenderedImage done
Event: 0.716 loading class java/awt/image/WritableRenderedImage done
Event: 0.716 loading class java/awt/Transparency
Event: 0.716 loading class java/awt/Transparency done
Event: 0.717 loading class java/awt/image/BufferedImage done
Event: 0.717 loading class java/awt/IllegalComponentStateException
Event: 0.717 loading class java/awt/IllegalComponentStateException done
Event: 0.718 loading class java/awt/Point
Event: 0.718 loading class java/awt/geom/Point2D
Event: 0.718 loading class java/awt/geom/Point2D done
Event: 0.718 loading class java/awt/Point done
Event: 0.718 loading class java/awt/GraphicsConfiguration
Event: 0.718 loading class java/awt/GraphicsConfiguration done
Event: 0.734 loading class java/lang/NumberFormatException
Event: 0.734 loading class java/lang/NumberFormatException done


Dynamic libraries:
0x000000010d96d000 	/Users/tamergabal/Library/Java/JavaVirtualMachines/azul-15.0.7/Contents/Home/lib/libjli.dylib
0x00007ff824c65000 	/usr/lib/libz.1.dylib
0x00007ff824d45000 	/usr/lib/libSystem.B.dylib
0x00007ff824d40000 	/usr/lib/system/libcache.dylib
0x00007ff824cfc000 	/usr/lib/system/libcommonCrypto.dylib
0x00007ff824d25000 	/usr/lib/system/libcompiler_rt.dylib
0x00007ff824d1b000 	/usr/lib/system/libcopyfile.dylib
0x00007ff819cdc000 	/usr/lib/system/libcorecrypto.dylib
0x00007ff819d9a000 	/usr/lib/system/libdispatch.dylib
0x00007ff819f5a000 	/usr/lib/system/libdyld.dylib
0x00007ff824d37000 	/usr/lib/system/libkeymgr.dylib
0x00007ff824cda000 	/usr/lib/system/libmacho.dylib
0x00007ff82435b000 	/usr/lib/system/libquarantine.dylib
0x00007ff824d35000 	/usr/lib/system/libremovefile.dylib
0x00007ff81eef1000 	/usr/lib/system/libsystem_asl.dylib
0x00007ff819c85000 	/usr/lib/system/libsystem_blocks.dylib
0x00007ff819e1e000 	/usr/lib/system/libsystem_c.dylib
0x00007ff824d2d000 	/usr/lib/system/libsystem_collections.dylib
0x00007ff82360f000 	/usr/lib/system/libsystem_configuration.dylib
0x00007ff8228bc000 	/usr/lib/system/libsystem_containermanager.dylib
0x00007ff824a12000 	/usr/lib/system/libsystem_coreservices.dylib
0x00007ff81c595000 	/usr/lib/system/libsystem_darwin.dylib
0x00007ff824d38000 	/usr/lib/system/libsystem_dnssd.dylib
0x00007ff819e1b000 	/usr/lib/system/libsystem_featureflags.dylib
0x00007ff819f70000 	/usr/lib/system/libsystem_info.dylib
0x00007ff824c78000 	/usr/lib/system/libsystem_m.dylib
0x00007ff819d6e000 	/usr/lib/system/libsystem_malloc.dylib
0x00007ff81ee8c000 	/usr/lib/system/libsystem_networkextension.dylib
0x00007ff81c9bb000 	/usr/lib/system/libsystem_notify.dylib
0x00007ff82afb1000 	/usr/lib/system/libsystem_product_info_filter.dylib
0x00007ff823613000 	/usr/lib/system/libsystem_sandbox.dylib
0x00007ff824d32000 	/usr/lib/system/libsystem_secinit.dylib
0x00007ff819f16000 	/usr/lib/system/libsystem_kernel.dylib
0x00007ff819f66000 	/usr/lib/system/libsystem_platform.dylib
0x00007ff819f4e000 	/usr/lib/system/libsystem_pthread.dylib
0x00007ff82073d000 	/usr/lib/system/libsystem_symptoms.dylib
0x00007ff819cc3000 	/usr/lib/system/libsystem_trace.dylib
0x00007ff824d08000 	/usr/lib/system/libunwind.dylib
0x00007ff819c87000 	/usr/lib/system/libxpc.dylib
0x00007ff819f00000 	/usr/lib/libc++abi.dylib
0x00007ff819de1000 	/usr/lib/libobjc.A.dylib
0x00007ff824d13000 	/usr/lib/liboah.dylib
0x00007ff819ea7000 	/usr/lib/libc++.1.dylib
0x00007ff830db0000 	/System/Library/Frameworks/Cocoa.framework/Versions/A/Cocoa
0x00007ff81ca19000 	/System/Library/Frameworks/AppKit.framework/Versions/C/AppKit
0x00007ff81ff2c000 	/System/Library/Frameworks/CoreData.framework/Versions/A/CoreData
0x00007ff81ae1d000 	/System/Library/Frameworks/Foundation.framework/Versions/C/Foundation
0x00007ff81d8a8000 	/System/Library/PrivateFrameworks/UIFoundation.framework/Versions/A/UIFoundation
0x00007ff82acb4000 	/System/Library/PrivateFrameworks/RemoteViewServices.framework/Versions/A/RemoteViewServices
0x00007ff822f9a000 	/System/Library/PrivateFrameworks/XCTTargetBootstrap.framework/Versions/A/XCTTargetBootstrap
0x00007ff826b4c000 	/System/Library/PrivateFrameworks/InternationalSupport.framework/Versions/A/InternationalSupport
0x00007ff826bd6000 	/System/Library/PrivateFrameworks/UserActivity.framework/Versions/A/UserActivity
0x00007ff825f2c000 	/usr/lib/libspindump.dylib
0x00007ff81db36000 	/System/Library/Frameworks/UniformTypeIdentifiers.framework/Versions/A/UniformTypeIdentifiers
0x00007ff8216c2000 	/usr/lib/libapp_launch_measurement.dylib
0x00007ff8208fd000 	/System/Library/PrivateFrameworks/CoreAnalytics.framework/Versions/A/CoreAnalytics
0x00007ff8216c5000 	/System/Library/PrivateFrameworks/CoreAutoLayout.framework/Versions/A/CoreAutoLayout
0x00007ff8228f4000 	/System/Library/Frameworks/Metal.framework/Versions/A/Metal
0x00007ff82361f000 	/usr/lib/liblangid.dylib
0x00007ff822f9f000 	/System/Library/PrivateFrameworks/CoreSVG.framework/Versions/A/CoreSVG
0x00007ff81ef21000 	/System/Library/PrivateFrameworks/SkyLight.framework/Versions/A/SkyLight
0x00007ff81f2bf000 	/System/Library/Frameworks/CoreGraphics.framework/Versions/A/CoreGraphics
0x00007ff82b374000 	/System/Library/Frameworks/Accelerate.framework/Versions/A/Accelerate
0x00007ff8259ab000 	/System/Library/PrivateFrameworks/IconServices.framework/Versions/A/IconServices
0x00007ff8228d9000 	/System/Library/Frameworks/IOSurface.framework/Versions/A/IOSurface
0x00007ff82092b000 	/usr/lib/libDiagnosticMessagesClient.dylib
0x00007ff82ea54000 	/System/Library/Frameworks/ApplicationServices.framework/Versions/A/ApplicationServices
0x00007ff822f86000 	/System/Library/PrivateFrameworks/DFRFoundation.framework/Versions/A/DFRFoundation
0x00007ff81c301000 	/usr/lib/libicucore.A.dylib
0x00007ff827941000 	/System/Library/Frameworks/AudioToolbox.framework/Versions/A/AudioToolbox
0x00007ff826b58000 	/System/Library/PrivateFrameworks/DataDetectorsCore.framework/Versions/A/DataDetectorsCore
0x00007ff92303f000 	/System/Library/PrivateFrameworks/TextInput.framework/Versions/A/TextInput
0x00007ff81eea4000 	/usr/lib/libMobileGestalt.dylib
0x00007ff822c92000 	/System/Library/Frameworks/Carbon.framework/Versions/A/Frameworks/HIToolbox.framework/Versions/A/HIToolbox
0x00007ff8210c8000 	/System/Library/Frameworks/QuartzCore.framework/Versions/A/QuartzCore
0x00007ff81bfa6000 	/System/Library/Frameworks/Security.framework/Versions/A/Security
0x00007ff82acec000 	/System/Library/Frameworks/Carbon.framework/Versions/A/Frameworks/SpeechRecognition.framework/Versions/A/SpeechRecognition
0x00007ff821422000 	/System/Library/PrivateFrameworks/CoreUI.framework/Versions/A/CoreUI
0x00007ff81b871000 	/System/Library/Frameworks/CoreAudio.framework/Versions/A/CoreAudio
0x00007ff820a1a000 	/System/Library/Frameworks/DiskArbitration.framework/Versions/A/DiskArbitration
0x00007ff82631a000 	/System/Library/PrivateFrameworks/MultitouchSupport.framework/Versions/A/MultitouchSupport
0x00007ff81eea3000 	/usr/lib/libenergytrace.dylib
0x00007ff81c905000 	/System/Library/Frameworks/IOKit.framework/Versions/A/IOKit
0x00007ff82b0dc000 	/System/Library/Frameworks/CoreServices.framework/Versions/A/CoreServices
0x00007ff82165c000 	/System/Library/PrivateFrameworks/PerformanceAnalysis.framework/Versions/A/PerformanceAnalysis
0x00007ffa32d24000 	/System/Library/Frameworks/OpenGL.framework/Versions/A/OpenGL
0x00007ff824281000 	/System/Library/PrivateFrameworks/MobileKeyBag.framework/Versions/A/MobileKeyBag
0x00007ff81f98b000 	/System/Library/Frameworks/ColorSync.framework/Versions/A/ColorSync
0x00007ff819f9b000 	/System/Library/Frameworks/CoreFoundation.framework/Versions/A/CoreFoundation
0x00007ff823215000 	/System/Library/Frameworks/CoreImage.framework/Versions/A/CoreImage
0x00007ff81b685000 	/System/Library/Frameworks/CoreText.framework/Versions/A/CoreText
0x00007ff822fcf000 	/System/Library/Frameworks/ImageIO.framework/Versions/A/ImageIO
0x00007ff824d4b000 	/System/Library/PrivateFrameworks/SoftLinking.framework/Versions/A/SoftLinking
0x00007ff82170d000 	/usr/lib/libxml2.2.dylib
0x00007ff824fcf000 	/usr/lib/libcompression.dylib
0x00007ff826a7f000 	/System/Library/PrivateFrameworks/TextureIO.framework/Versions/A/TextureIO
0x00007ff8256bd000 	/usr/lib/libate.dylib
0x00007ff825499000 	/usr/lib/liblzma.5.dylib
0x00007ff81ab2c000 	/System/Library/Frameworks/SystemConfiguration.framework/Versions/A/SystemConfiguration
0x00007ff824d47000 	/usr/lib/libfakelink.dylib
0x00007ff81e9fd000 	/System/Library/Frameworks/CFNetwork.framework/Versions/A/CFNetwork
0x00007ff824e88000 	/usr/lib/libarchive.2.dylib
0x00007ff82361b000 	/System/Library/PrivateFrameworks/AppleSystemInfo.framework/Versions/A/AppleSystemInfo
0x00007ff824382000 	/usr/lib/libbsm.0.dylib
0x00007ff81e00c000 	/usr/lib/libnetwork.dylib
0x00007ff824ce0000 	/usr/lib/system/libkxld.dylib
0x00007ff823fb5000 	/System/Library/PrivateFrameworks/IOMobileFramebuffer.framework/Versions/A/IOMobileFramebuffer
0x00007ffb320f8000 	/usr/lib/libCoreEntitlements.dylib
0x00007ff8249f4000 	/System/Library/PrivateFrameworks/AppleFSCompression.framework/Versions/A/AppleFSCompression
0x00007ff82436a000 	/usr/lib/libcoretls.dylib
0x00007ff8254b3000 	/usr/lib/libcoretls_cfhelpers.dylib
0x00007ff824fca000 	/usr/lib/libpam.2.dylib
0x00007ff82035d000 	/usr/lib/libsqlite3.dylib
0x00007ff825522000 	/usr/lib/libxar.1.dylib
0x00007ff824a04000 	/usr/lib/libbz2.1.0.dylib
0x00007ff824d4c000 	/usr/lib/libpcap.A.dylib
0x00007ff820735000 	/usr/lib/libdns_services.dylib
0x00007ff824f9a000 	/usr/lib/libapple_nghttp2.dylib
0x00007ff824d86000 	/usr/lib/libiconv.2.dylib
0x00007ff824cd9000 	/usr/lib/libcharset.1.dylib
0x00007ff821690000 	/System/Library/Frameworks/CoreServices.framework/Versions/A/Frameworks/FSEvents.framework/Versions/A/FSEvents
0x00007ff81c59f000 	/System/Library/Frameworks/CoreServices.framework/Versions/A/Frameworks/CarbonCore.framework/Versions/A/CarbonCore
0x00007ff82097e000 	/System/Library/Frameworks/CoreServices.framework/Versions/A/Frameworks/Metadata.framework/Versions/A/Metadata
0x00007ff824a17000 	/System/Library/Frameworks/CoreServices.framework/Versions/A/Frameworks/OSServices.framework/Versions/A/OSServices
0x00007ff824f0f000 	/System/Library/Frameworks/CoreServices.framework/Versions/A/Frameworks/SearchKit.framework/Versions/A/SearchKit
0x00007ff8206c8000 	/System/Library/Frameworks/CoreServices.framework/Versions/A/Frameworks/AE.framework/Versions/A/AE
0x00007ff81a49e000 	/System/Library/Frameworks/CoreServices.framework/Versions/A/Frameworks/LaunchServices.framework/Versions/A/LaunchServices
0x00007ff82544a000 	/System/Library/Frameworks/CoreServices.framework/Versions/A/Frameworks/DictionaryServices.framework/Versions/A/DictionaryServices
0x00007ff82169d000 	/System/Library/Frameworks/CoreServices.framework/Versions/A/Frameworks/SharedFileList.framework/Versions/A/SharedFileList
0x00007ff82435e000 	/usr/lib/libCheckFix.dylib
0x00007ff81ef08000 	/System/Library/PrivateFrameworks/TCC.framework/Versions/A/TCC
0x00007ff823621000 	/System/Library/PrivateFrameworks/CoreNLP.framework/Versions/A/CoreNLP
0x00007ff82092e000 	/System/Library/PrivateFrameworks/MetadataUtilities.framework/Versions/A/MetadataUtilities
0x00007ff81abe0000 	/usr/lib/libmecabra.dylib
0x00007ff824392000 	/usr/lib/libmecab.dylib
0x00007ff81abab000 	/usr/lib/libCRFSuite.dylib
0x00007ff8243ec000 	/usr/lib/libgermantok.dylib
0x00007ff824f75000 	/usr/lib/libThaiTokenizer.dylib
0x00007ff820a21000 	/System/Library/Frameworks/Accelerate.framework/Versions/A/Frameworks/vImage.framework/Versions/A/vImage
0x00007ff82b0b3000 	/System/Library/Frameworks/Accelerate.framework/Versions/A/Frameworks/vecLib.framework/Versions/A/vecLib
0x00007ff825563000 	/System/Library/Frameworks/Accelerate.framework/Versions/A/Frameworks/vecLib.framework/Versions/A/libvMisc.dylib
0x00007ff823de0000 	/System/Library/Frameworks/Accelerate.framework/Versions/A/Frameworks/vecLib.framework/Versions/A/libvDSP.dylib
0x00007ff81a81c000 	/System/Library/Frameworks/Accelerate.framework/Versions/A/Frameworks/vecLib.framework/Versions/A/libBLAS.dylib
0x00007ff8250ac000 	/System/Library/Frameworks/Accelerate.framework/Versions/A/Frameworks/vecLib.framework/Versions/A/libLAPACK.dylib
0x00007ff8243ef000 	/System/Library/Frameworks/Accelerate.framework/Versions/A/Frameworks/vecLib.framework/Versions/A/libLinearAlgebra.dylib
0x00007ff824fb2000 	/System/Library/Frameworks/Accelerate.framework/Versions/A/Frameworks/vecLib.framework/Versions/A/libSparseBLAS.dylib
0x00007ff8250a6000 	/System/Library/Frameworks/Accelerate.framework/Versions/A/Frameworks/vecLib.framework/Versions/A/libQuadrature.dylib
0x00007ff82370c000 	/System/Library/Frameworks/Accelerate.framework/Versions/A/Frameworks/vecLib.framework/Versions/A/libBNNS.dylib
0x00007ff81aab6000 	/System/Library/Frameworks/Accelerate.framework/Versions/A/Frameworks/vecLib.framework/Versions/A/libSparse.dylib
0x00007ff823705000 	/System/Library/PrivateFrameworks/LinguisticData.framework/Versions/A/LinguisticData
0x00007ff81aa6c000 	/System/Library/PrivateFrameworks/Lexicon.framework/Versions/A/Lexicon
0x00007ff82555c000 	/usr/lib/libChineseTokenizer.dylib
0x00007ff81b1da000 	/System/Library/PrivateFrameworks/LanguageModeling.framework/Versions/A/LanguageModeling
0x00007ff824f77000 	/System/Library/PrivateFrameworks/AppleSauce.framework/Versions/A/AppleSauce
0x00007ff823fa3000 	/System/Library/PrivateFrameworks/CoreEmoji.framework/Versions/A/CoreEmoji
0x00007ff824e77000 	/usr/lib/libcmph.dylib
0x00007ff821674000 	/System/Library/Frameworks/OpenDirectory.framework/Versions/A/Frameworks/CFOpenDirectory.framework/Versions/A/CFOpenDirectory
0x00007ff821668000 	/System/Library/Frameworks/OpenDirectory.framework/Versions/A/OpenDirectory
0x00007ff8254b5000 	/System/Library/PrivateFrameworks/APFS.framework/Versions/A/APFS
0x00007ff8242b9000 	/System/Library/Frameworks/SecurityFoundation.framework/Versions/A/SecurityFoundation
0x00007ff825530000 	/usr/lib/libutil.dylib
0x00007ff81c8c9000 	/System/Library/PrivateFrameworks/CoreServicesStore.framework/Versions/A/CoreServicesStore
0x00007ff825534000 	/usr/lib/libxslt.1.dylib
0x00007ff824346000 	/System/Library/PrivateFrameworks/BackgroundTaskManagement.framework/Versions/A/BackgroundTaskManagement
0x00007ff82699f000 	/System/Library/Frameworks/ImageIO.framework/Versions/A/Resources/libRadiance.dylib
0x00007ff8269a8000 	/System/Library/Frameworks/ImageIO.framework/Versions/A/Resources/libJPEG.dylib
0x00007ff8268f9000 	/System/Library/Frameworks/ImageIO.framework/Versions/A/Resources/libPng.dylib
0x00007ff82691a000 	/System/Library/Frameworks/ImageIO.framework/Versions/A/Resources/libTIFF.dylib
0x00007ff826a08000 	/System/Library/Frameworks/ImageIO.framework/Versions/A/Resources/libGIF.dylib
0x00007ff826234000 	/System/Library/Frameworks/ImageIO.framework/Versions/A/Resources/libJP2.dylib
0x00007ff825972000 	/usr/lib/libexpat.1.dylib
0x00007ff8261e9000 	/System/Library/PrivateFrameworks/AppleJPEG.framework/Versions/A/AppleJPEG
0x00007ff822b56000 	/System/Library/PrivateFrameworks/FontServices.framework/libFontParser.dylib
0x00007ff820672000 	/System/Library/PrivateFrameworks/RunningBoardServices.framework/Versions/A/RunningBoardServices
0x00007ff83136b000 	/System/Library/PrivateFrameworks/IOSurfaceAccelerator.framework/Versions/A/IOSurfaceAccelerator
0x00007ff826316000 	/System/Library/PrivateFrameworks/WatchdogClient.framework/Versions/A/WatchdogClient
0x00007ff81b2c8000 	/System/Library/Frameworks/CoreDisplay.framework/Versions/A/CoreDisplay
0x00007ff822a54000 	/System/Library/Frameworks/CoreMedia.framework/Versions/A/CoreMedia
0x00007ff8228eb000 	/System/Library/PrivateFrameworks/IOAccelerator.framework/Versions/A/IOAccelerator
0x00007ff8217f1000 	/System/Library/Frameworks/CoreVideo.framework/Versions/A/CoreVideo
0x00007ff824fc8000 	/System/Library/Frameworks/MetalPerformanceShaders.framework/Versions/A/MetalPerformanceShaders
0x00007ff826353000 	/System/Library/Frameworks/VideoToolbox.framework/Versions/A/VideoToolbox
0x00007ff8205bc000 	/System/Library/PrivateFrameworks/BaseBoard.framework/Versions/A/BaseBoard
0x00007ff820343000 	/System/Library/PrivateFrameworks/ProtocolBuffer.framework/Versions/A/ProtocolBuffer
0x00007ff826998000 	/System/Library/PrivateFrameworks/GPUWrangler.framework/Versions/A/GPUWrangler
0x00007ff82697c000 	/System/Library/PrivateFrameworks/IOPresentment.framework/Versions/A/IOPresentment
0x00007ff8269a2000 	/System/Library/PrivateFrameworks/DSExternalDisplay.framework/Versions/A/DSExternalDisplay
0x00007ffa32d18000 	/System/Library/Frameworks/OpenGL.framework/Versions/A/Libraries/libCoreFSCache.dylib
0x00007ffb1f81c000 	/System/Library/PrivateFrameworks/GPUCompiler.framework/Versions/31001/Libraries/libGPUCompilerUtils.dylib
0x00007ff826a0d000 	/System/Library/PrivateFrameworks/CMCaptureCore.framework/Versions/A/CMCaptureCore
0x00007ff825f1a000 	/System/Library/PrivateFrameworks/AppServerSupport.framework/Versions/A/AppServerSupport
0x00007ff8281d9000 	/System/Library/PrivateFrameworks/perfdata.framework/Versions/A/perfdata
0x00007ff81b3f4000 	/System/Library/PrivateFrameworks/AudioToolboxCore.framework/Versions/A/AudioToolboxCore
0x00007ff822a32000 	/System/Library/PrivateFrameworks/caulk.framework/Versions/A/caulk
0x00007ff827aeb000 	/usr/lib/libAudioStatistics.dylib
0x00007ff91f7e2000 	/System/Library/PrivateFrameworks/SystemPolicy.framework/Versions/A/SystemPolicy
0x00007ff827d46000 	/usr/lib/libSMC.dylib
0x00007ff830c63000 	/System/Library/Frameworks/CoreMIDI.framework/Versions/A/CoreMIDI
0x00007ff8268c8000 	/usr/lib/libAudioToolboxUtility.dylib
0x00007ff91ba17000 	/System/Library/PrivateFrameworks/OSAServicesClient.framework/Versions/A/OSAServicesClient
0x00007ff8281e6000 	/usr/lib/libperfcheck.dylib
0x00007ff92028c000 	/usr/lib/libmis.dylib
0x00007ffa32d73000 	/System/Library/Frameworks/OpenGL.framework/Versions/A/Libraries/libGLU.dylib
0x00007ffa32d37000 	/System/Library/Frameworks/OpenGL.framework/Versions/A/Libraries/libGFXShared.dylib
0x00007ffa32f40000 	/System/Library/Frameworks/OpenGL.framework/Versions/A/Libraries/libGL.dylib
0x00007ffa32d40000 	/System/Library/Frameworks/OpenGL.framework/Versions/A/Libraries/libGLImage.dylib
0x00007ffa32d34000 	/System/Library/Frameworks/OpenGL.framework/Versions/A/Libraries/libCVMSPluginSupport.dylib
0x00007ffa32d1f000 	/System/Library/Frameworks/OpenGL.framework/Versions/A/Libraries/libCoreVMClient.dylib
0x00007ff82359d000 	/System/Library/Frameworks/MetalPerformanceShaders.framework/Versions/A/Frameworks/MPSCore.framework/Versions/A/MPSCore
0x00007ff82495f000 	/System/Library/Frameworks/MetalPerformanceShaders.framework/Versions/A/Frameworks/MPSImage.framework/Versions/A/MPSImage
0x00007ff824405000 	/System/Library/Frameworks/MetalPerformanceShaders.framework/Versions/A/Frameworks/MPSNeuralNetwork.framework/Versions/A/MPSNeuralNetwork
0x00007ff824879000 	/System/Library/Frameworks/MetalPerformanceShaders.framework/Versions/A/Frameworks/MPSMatrix.framework/Versions/A/MPSMatrix
0x00007ff824634000 	/System/Library/Frameworks/MetalPerformanceShaders.framework/Versions/A/Frameworks/MPSRayIntersector.framework/Versions/A/MPSRayIntersector
0x00007ff8248b1000 	/System/Library/Frameworks/MetalPerformanceShaders.framework/Versions/A/Frameworks/MPSNDArray.framework/Versions/A/MPSNDArray
0x00007ffa37f3a000 	/System/Library/Frameworks/MetalPerformanceShaders.framework/Versions/A/Frameworks/MPSFunctions.framework/Versions/A/MPSFunctions
0x00007ff81a6f5000 	/System/Library/PrivateFrameworks/MetalTools.framework/Versions/A/MetalTools
0x00007ff823619000 	/System/Library/PrivateFrameworks/AggregateDictionary.framework/Versions/A/AggregateDictionary
0x00007ff825754000 	/usr/lib/libIOReport.dylib
0x00007ffa3434f000 	/System/Library/Frameworks/OpenCL.framework/Versions/A/OpenCL
0x00007ff825ab8000 	/System/Library/PrivateFrameworks/FaceCore.framework/Versions/A/FaceCore
0x00007ff825aa9000 	/System/Library/PrivateFrameworks/GraphVisualizer.framework/Versions/A/GraphVisualizer
0x00007ffb1f727000 	/System/Library/PrivateFrameworks/FontServices.framework/Versions/A/FontServices
0x00007ff825ed2000 	/System/Library/PrivateFrameworks/OTSVG.framework/Versions/A/OTSVG
0x00007ff8213d8000 	/System/Library/Frameworks/ApplicationServices.framework/Versions/A/Frameworks/ATS.framework/Versions/A/Resources/libFontRegistry.dylib
0x00007ff825f22000 	/System/Library/PrivateFrameworks/FontServices.framework/libhvf.dylib
0x00007ffb1f728000 	/System/Library/PrivateFrameworks/FontServices.framework/libXTFontStaticRegistryData.dylib
0x00007ff825922000 	/System/Library/PrivateFrameworks/AppleVA.framework/Versions/A/AppleVA
0x00007ff827b0b000 	/System/Library/Frameworks/ApplicationServices.framework/Versions/A/Frameworks/ATS.framework/Versions/A/ATS
0x00007ff81fa89000 	/System/Library/Frameworks/ApplicationServices.framework/Versions/A/Frameworks/HIServices.framework/Versions/A/HIServices
0x00007ff826a17000 	/System/Library/Frameworks/ApplicationServices.framework/Versions/A/Frameworks/PrintCore.framework/Versions/A/PrintCore
0x00007ff827e99000 	/System/Library/Frameworks/ApplicationServices.framework/Versions/A/Frameworks/QD.framework/Versions/A/QD
0x00007ff827e91000 	/System/Library/Frameworks/ApplicationServices.framework/Versions/A/Frameworks/ColorSyncLegacy.framework/Versions/A/ColorSyncLegacy
0x00007ff827afb000 	/System/Library/Frameworks/ApplicationServices.framework/Versions/A/Frameworks/SpeechSynthesis.framework/Versions/A/SpeechSynthesis
0x00007ff8269d8000 	/System/Library/Frameworks/ApplicationServices.framework/Versions/A/Frameworks/ATSUI.framework/Versions/A/ATSUI
0x00007ff827e26000 	/usr/lib/libcups.2.dylib
0x00007ff8281f5000 	/System/Library/Frameworks/Kerberos.framework/Versions/A/Kerberos
0x00007ff828204000 	/System/Library/Frameworks/GSS.framework/Versions/A/GSS
0x00007ff827b77000 	/usr/lib/libresolv.9.dylib
0x00007ff825f31000 	/System/Library/PrivateFrameworks/Heimdal.framework/Versions/A/Heimdal
0x00007ff82ede6000 	/System/Library/Frameworks/Kerberos.framework/Versions/A/Libraries/libHeimdalProxy.dylib
0x00007ff820745000 	/System/Library/Frameworks/Network.framework/Versions/A/Network
0x00007ff82598c000 	/usr/lib/libheimdal-asn1.dylib
0x00007ff82824f000 	/System/Library/PrivateFrameworks/CommonAuth.framework/Versions/A/CommonAuth
0x00007ff827a7d000 	/System/Library/PrivateFrameworks/AudioSession.framework/Versions/A/AudioSession
0x00007ff825a1c000 	/System/Library/PrivateFrameworks/MediaExperience.framework/Versions/A/MediaExperience
0x00007ff827910000 	/System/Library/PrivateFrameworks/AudioSession.framework/libSessionUtility.dylib
0x00007ff827ea5000 	/System/Library/PrivateFrameworks/AudioResourceArbitration.framework/Versions/A/AudioResourceArbitration
0x00007ff82bf26000 	/System/Library/PrivateFrameworks/PowerLog.framework/Versions/A/PowerLog
0x00007ff825995000 	/System/Library/PrivateFrameworks/IconFoundation.framework/Versions/A/IconFoundation
0x00007ff82acdc000 	/System/Library/PrivateFrameworks/SpeechRecognitionCore.framework/Versions/A/SpeechRecognitionCore
0x000000010e9c5000 	/Users/tamergabal/Library/Java/JavaVirtualMachines/azul-15.0.7/Contents/Home/lib/server/libjvm.dylib
0x000000010d997000 	/Users/tamergabal/Library/Java/JavaVirtualMachines/azul-15.0.7/Contents/Home/lib/libjimage.dylib
0x000000010da0e000 	/Users/tamergabal/Library/Java/JavaVirtualMachines/azul-15.0.7/Contents/Home/lib/libjava.dylib
0x000000010e868000 	/Users/tamergabal/Library/Java/JavaVirtualMachines/azul-15.0.7/Contents/Home/lib/libnio.dylib
0x000000010e896000 	/Users/tamergabal/Library/Java/JavaVirtualMachines/azul-15.0.7/Contents/Home/lib/libnet.dylib
0x000000010e87c000 	/Users/tamergabal/Library/Java/JavaVirtualMachines/azul-15.0.7/Contents/Home/lib/libzip.dylib
0x000000010e8e5000 	/private/var/folders/j0/0gd8np417ld1c_92q12p51ym0000gn/T/libgdxtamergabal/408cdd85/libgdx64.dylib
0x000000010e8b0000 	/Users/tamergabal/Library/Java/JavaVirtualMachines/azul-15.0.7/Contents/Home/lib/libverify.dylib
0x0000000116280000 	/Users/tamergabal/Library/Java/JavaVirtualMachines/azul-15.0.7/Contents/Home/lib/libawt.dylib
0x0000000116336000 	/Users/tamergabal/Library/Java/JavaVirtualMachines/azul-15.0.7/Contents/Home/lib/libmlib_image.dylib
0x00007ffa37ea3000 	/System/Library/Frameworks/JavaRuntimeSupport.framework/Versions/A/JavaRuntimeSupport
0x00007ff91f306000 	/System/Library/Frameworks/Carbon.framework/Versions/A/Carbon
0x00007ff82d1a0000 	/System/Library/PrivateFrameworks/CoreSymbolication.framework/Versions/A/CoreSymbolication
0x00007ff832702000 	/System/Library/Frameworks/Carbon.framework/Versions/A/Frameworks/CommonPanels.framework/Versions/A/CommonPanels
0x00007ff82e7d4000 	/System/Library/Frameworks/Carbon.framework/Versions/A/Frameworks/Help.framework/Versions/A/Help
0x00007ff832706000 	/System/Library/Frameworks/Carbon.framework/Versions/A/Frameworks/ImageCapture.framework/Versions/A/ImageCapture
0x00007ff8326d6000 	/System/Library/Frameworks/Carbon.framework/Versions/A/Frameworks/OpenScripting.framework/Versions/A/OpenScripting
0x00007ff8326fe000 	/System/Library/Frameworks/Carbon.framework/Versions/A/Frameworks/Ink.framework/Versions/A/Ink
0x00007ff91f302000 	/System/Library/Frameworks/Carbon.framework/Versions/A/Frameworks/Print.framework/Versions/A/Print
0x00007ff8326fa000 	/System/Library/Frameworks/Carbon.framework/Versions/A/Frameworks/SecurityHI.framework/Versions/A/SecurityHI
0x00007ff82d165000 	/System/Library/PrivateFrameworks/DebugSymbols.framework/Versions/A/DebugSymbols
0x000000012f697000 	/Users/tamergabal/Library/Java/JavaVirtualMachines/azul-15.0.7/Contents/Home/lib/libawt_lwawt.dylib
0x000000010e943000 	/Users/tamergabal/Library/Java/JavaVirtualMachines/azul-15.0.7/Contents/Home/lib/libosxapp.dylib
0x00007ff91e5d8000 	/System/Library/Frameworks/ExceptionHandling.framework/Versions/A/ExceptionHandling
0x000000012f908000 	/Users/tamergabal/Library/Java/JavaVirtualMachines/azul-15.0.7/Contents/Home/lib/libfontmanager.dylib
0x000000012f76d000 	/Users/tamergabal/Library/Java/JavaVirtualMachines/azul-15.0.7/Contents/Home/lib/libfreetype.dylib
0x00007ff81c88b000 	/System/Library/PrivateFrameworks/CoreServicesInternal.framework/Versions/A/CoreServicesInternal
0x00007ff82c517000 	/System/Library/Frameworks/FileProvider.framework/Versions/A/FileProvider
0x00007ff820529000 	/System/Library/Frameworks/Accounts.framework/Versions/A/Accounts
0x00007ff82c690000 	/System/Library/PrivateFrameworks/GenerationalStorage.framework/Versions/A/GenerationalStorage
0x00007ff82bf1b000 	/System/Library/PrivateFrameworks/SymptomDiagnosticReporter.framework/Versions/A/SymptomDiagnosticReporter
0x00007ff81db4a000 	/System/Library/PrivateFrameworks/DesktopServicesPriv.framework/Versions/A/DesktopServicesPriv
0x00007ff81c9ca000 	/usr/lib/libsandbox.1.dylib
0x00007ff821870000 	/System/Library/PrivateFrameworks/UserManagement.framework/Versions/A/UserManagement
0x00007ff827e86000 	/System/Library/PrivateFrameworks/NetAuth.framework/Versions/A/NetAuth
0x00007ff828d95000 	/System/Library/PrivateFrameworks/Sharing.framework/Versions/A/Sharing
0x00007ff821843000 	/System/Library/PrivateFrameworks/login.framework/Versions/A/Frameworks/loginsupport.framework/Versions/A/loginsupport
0x00007ff82e303000 	/System/Library/PrivateFrameworks/Apple80211.framework/Versions/A/Apple80211
0x00007ff824a44000 	/System/Library/PrivateFrameworks/AuthKit.framework/Versions/A/AuthKit
0x00007ff824099000 	/System/Library/PrivateFrameworks/CoreUtils.framework/Versions/A/CoreUtils
0x00007ff823fc0000 	/System/Library/Frameworks/CoreWLAN.framework/Versions/A/CoreWLAN
0x00007ff828ef4000 	/System/Library/Frameworks/IOBluetooth.framework/Versions/A/IOBluetooth
0x00007ff82e36b000 	/System/Library/PrivateFrameworks/CoreWiFi.framework/Versions/A/CoreWiFi
0x00007ff82cd3a000 	/System/Library/PrivateFrameworks/FrontBoardServices.framework/Versions/A/FrontBoardServices
0x00007ff82cdcb000 	/System/Library/PrivateFrameworks/BoardServices.framework/Versions/A/BoardServices
0x00007ff8242a8000 	/System/Library/PrivateFrameworks/AssertionServices.framework/Versions/A/AssertionServices
0x00007ff82e4ee000 	/System/Library/PrivateFrameworks/BackBoardServices.framework/Versions/A/BackBoardServices
0x00007ff8282e0000 	/System/Library/PrivateFrameworks/CorePhoneNumbers.framework/Versions/A/CorePhoneNumbers
0x00007ff827ba4000 	/System/Library/PrivateFrameworks/MultiverseSupport.framework/Versions/A/MultiverseSupport
0x00007ff82e761000 	/System/Library/PrivateFrameworks/RemoteServiceDiscovery.framework/Versions/A/RemoteServiceDiscovery
0x00007ff82c038000 	/System/Library/PrivateFrameworks/DiskManagement.framework/Versions/A/DiskManagement
0x00007ff82bf4c000 	/System/Library/PrivateFrameworks/AppleIDAuthSupport.framework/Versions/A/AppleIDAuthSupport
0x00007ffb1a0be000 	/System/Library/PrivateFrameworks/AAAFoundation.framework/Versions/A/AAAFoundation
0x00007ff8282c1000 	/System/Library/PrivateFrameworks/KeychainCircle.framework/Versions/A/KeychainCircle
0x00007ff82e771000 	/System/Library/PrivateFrameworks/RemoteXPC.framework/Versions/A/RemoteXPC
0x00007ff82c004000 	/System/Library/PrivateFrameworks/MediaKit.framework/Versions/A/MediaKit
0x00007ff82bf58000 	/System/Library/Frameworks/DiscRecording.framework/Versions/A/DiscRecording
0x00007ff82589a000 	/usr/lib/libCoreStorage.dylib
0x00007ff82e7dc000 	/usr/lib/libcsfde.dylib
0x00007ff828fc1000 	/System/Library/PrivateFrameworks/ProtectedCloudStorage.framework/Versions/A/ProtectedCloudStorage
0x00007ff82e7d8000 	/System/Library/PrivateFrameworks/EFILogin.framework/Versions/A/EFILogin
0x00007ff82c6b6000 	/System/Library/PrivateFrameworks/OctagonTrust.framework/Versions/A/OctagonTrust
0x00007ffb1e98a000 	/System/Library/PrivateFrameworks/CoreUtilsExtras.framework/Versions/A/CoreUtilsExtras
0x00007ff82be7f000 	/System/Library/Frameworks/CoreBluetooth.framework/Versions/A/CoreBluetooth
0x00007ff82ee6b000 	/System/Library/Frameworks/AudioUnit.framework/Versions/A/AudioUnit
0x00007ff825892000 	/usr/lib/libMatch.1.dylib
0x00007ff927075000 	/System/Library/CoreServices/RawCamera.bundle/Contents/MacOS/RawCamera
0x00007ff82825f000 	/System/Library/PrivateFrameworks/MobileAsset.framework/Versions/A/MobileAsset
0x00007ff82ee92000 	/System/Library/PrivateFrameworks/StreamingZip.framework/Versions/A/StreamingZip
0x00007ffb1bc7e000 	/System/Library/PrivateFrameworks/CMPhoto.framework/Versions/A/CMPhoto
0x00007ff82d03b000 	/System/Library/PrivateFrameworks/AppleVPA.framework/Versions/A/AppleVPA
0x00007ff826c41000 	/System/Library/Frameworks/MediaToolbox.framework/Versions/A/MediaToolbox
0x00007ff82c4e7000 	/System/Library/PrivateFrameworks/CoreAVCHD.framework/Versions/A/CoreAVCHD
0x00007ff82b3bc000 	/System/Library/Frameworks/MediaAccessibility.framework/Versions/A/MediaAccessibility
0x00007ff82c4e3000 	/System/Library/PrivateFrameworks/Mangrove.framework/Versions/A/Mangrove
0x00007ff82b3c7000 	/System/Library/PrivateFrameworks/AlgosScoreFramework.framework/Versions/A/AlgosScoreFramework
0x00007ff82c128000 	/System/Library/PrivateFrameworks/CoreAUC.framework/Versions/A/CoreAUC
0x00007ff92489e000 	/System/Library/Frameworks/Accelerate.framework/Versions/A/Frameworks/vImage.framework/Versions/A/Libraries/libCGInterfaces.dylib
0x00000001164b5000 	/usr/lib/libobjc-trampolines.dylib
0x00007ff821568000 	/System/Library/PrivateFrameworks/ViewBridge.framework/Versions/A/ViewBridge
0x00007ff82575d000 	/System/Library/PrivateFrameworks/CrashReporterSupport.framework/Versions/A/CrashReporterSupport
0x00007ff92c2a3000 	/System/Library/PrivateFrameworks/OSAnalytics.framework/Versions/A/OSAnalytics
0x00007ff937438000 	/System/Library/PrivateFrameworks/Symbolication.framework/Versions/A/Symbolication
0x00007ff920269000 	/System/Library/PrivateFrameworks/MallocStackLogging.framework/Versions/A/MallocStackLogging
0x0000000133066000 	/private/var/folders/j0/0gd8np417ld1c_92q12p51ym0000gn/T/libgdxtamergabal/f7649394/liblwjgl.dylib
0x0000000132feb000 	/Users/tamergabal/Library/Java/JavaVirtualMachines/azul-15.0.7/Contents/Home/lib/libjawt.dylib
0x0000000132ff2000 	/private/var/folders/j0/0gd8np417ld1c_92q12p51ym0000gn/T/libgdxtamergabal/f7649394/openal.dylib
0x00000001333cf000 	/System/Library/Components/CoreAudio.component/Contents/MacOS/CoreAudio
0x000000013304e000 	/System/Library/Extensions/AppleHDA.kext/Contents/PlugIns/AppleHDAHALPlugIn.bundle/Contents/MacOS/AppleHDAHALPlugIn
0x00007ffa32f4b000 	/System/Library/Frameworks/OpenGL.framework/Versions/A/Resources/GLEngine.bundle/GLEngine
0x00007ffa32db1000 	/System/Library/Frameworks/OpenGL.framework/Versions/A/Libraries/libGLProgrammability.dylib
0x00007ffa2b725000 	/System/Library/Extensions/AppleIntelBDWGraphicsGLDriver.bundle/Contents/MacOS/AppleIntelBDWGraphicsGLDriver
0x00007ff92a411000 	/System/Library/PrivateFrameworks/GPUSupport.framework/Versions/A/Libraries/libGPUSupportMercury.dylib
0x00007ffa330d5000 	/System/Library/Frameworks/OpenGL.framework/Versions/A/Resources/GLRendererFloat.bundle/GLRendererFloat
0x00007ff825fe8000 	/System/Library/PrivateFrameworks/login.framework/Versions/A/login


VM Arguments:
jvm_args: -Dfile.encoding=UTF-8 -Duser.country=US -Duser.language=en -Duser.variant 
java_command: com.mygdx.game.desktop.DesktopLauncher
java_class_path (initial): /Users/tamergabal/Downloads/LibGDX/desktop/build/classes/java/main:/Users/tamergabal/Downloads/LibGDX/desktop/build/resources/main:/Users/tamergabal/.gradle/caches/modules-2/files-2.1/com.badlogicgames.gdx/gdx-backend-lwjgl/1.9.14/76d214441fa6faed9a4b9a2c02473f0d0a467a52/gdx-backend-lwjgl-1.9.14.jar:/Users/tamergabal/.gradle/caches/modules-2/files-2.1/com.badlogicgames.gdx/gdx-platform/1.9.14/c972092618b729ebfec229c9214fb9e87861fb7a/gdx-platform-1.9.14-natives-desktop.jar:/Users/tamergabal/.gradle/caches/modules-2/files-2.1/com.badlogicgames.gdx/gdx-box2d-platform/1.9.14/3c70a6038ec970ae49f96292ed48bd2a098a7f47/gdx-box2d-platform-1.9.14-natives-desktop.jar:/Users/tamergabal/Downloads/LibGDX/core/build/libs/core-1.0.jar:/Users/tamergabal/.gradle/caches/modules-2/files-2.1/com.badlogicgames.gdx/gdx-box2d/1.9.14/1c52434c5c7ad1a19e08dcc53047eb1cd79b5e62/gdx-box2d-1.9.14.jar:/Users/tamergabal/.gradle/caches/modules-2/files-2.1/com.badlogicgames.gdx/gdx/1.9.14/42b1ca02aabd2aa248dc0a6beb0ea0f9f003a44d/gdx-1.9.14.jar:/Users/tamergabal/.gradle/caches/modules-2/files-2.1/org.lwjgl.lwjgl/lwjgl_util/2.9.3/751f06b62424da056954c67288fd5c494431e350/lwjgl_util-2.9.3.jar:/Users/tamergabal/.gradle/caches/modules-2/files-2.1/org.lwjgl.lwjgl/lwjgl/2.9.3/3df168ac74e4a8c96562cdff24ad352e255bf89c/lwjgl-2.9.3.jar:/Users/tamergabal/.m2/repository/com/badlogicgames/jlayer/jlayer/1.0.1-gdx/jlayer-1.0.1-gdx.jar:/Users/tamergabal/.m2/repository/org/jcraft/jorbis/0.0.17/jorbis-0.0.17.jar:/Users/tamergabal/.gradle/caches/modules-2/files-2.1/org.lwjgl.lwjgl/lwjgl-platform/2.9.3/fbc2afb3e288578e9942578decb6291a490549a0/lwjgl-platform-2.9.3-natives-windows.jar:/Users/tamergabal/.gradle/caches/modules-2/files-2.1/org.lwjgl.lwjgl/lwjgl-platform/2.9.3/b1eafe80093381c56415731e1d64279e6140bcd0/lwjgl-platform-2.9.3-natives-linux.jar:/Users/tamergabal/.gradle/caches/modules-2/files-2.1/org.lwjgl.lwjgl/lwjgl-platform/2.9.3/6686cf6ddaa20b4290aa6599a09bc0d17369be05/lwjgl-platform-
Launcher Type: SUN_STANDARD

[Global flags]
     intx CICompilerCount                          = 3                                         {product} {ergonomic}
     uint ConcGCThreads                            = 1                                         {product} {ergonomic}
     uint G1ConcRefinementThreads                  = 4                                         {product} {ergonomic}
   size_t G1HeapRegionSize                         = 1048576                                   {product} {ergonomic}
    uintx GCDrainStackTargetSize                   = 64                                        {product} {ergonomic}
   size_t InitialHeapSize                          = 134217728                                 {product} {ergonomic}
   size_t MarkStackSize                            = 4194304                                   {product} {ergonomic}
   size_t MaxHeapSize                              = 2147483648                                {product} {ergonomic}
   size_t MaxNewSize                               = 1287651328                                {product} {ergonomic}
   size_t MinHeapDeltaBytes                        = 1048576                                   {product} {ergonomic}
   size_t MinHeapSize                              = 8388608                                   {product} {ergonomic}
    uintx NonNMethodCodeHeapSize                   = 5832780                                {pd product} {ergonomic}
    uintx NonProfiledCodeHeapSize                  = 122912730                              {pd product} {ergonomic}
    uintx ProfiledCodeHeapSize                     = 122912730                              {pd product} {ergonomic}
    uintx ReservedCodeCacheSize                    = 251658240                              {pd product} {ergonomic}
     bool SegmentedCodeCache                       = true                                      {product} {ergonomic}
   size_t SoftMaxHeapSize                          = 2147483648                             {manageable} {ergonomic}
     bool UseCompressedClassPointers               = true                                 {lp64_product} {ergonomic}
     bool UseCompressedOops                        = true                                 {lp64_product} {ergonomic}
     bool UseG1GC                                  = true                                      {product} {ergonomic}
     bool UseNUMA                                  = false                                     {product} {ergonomic}
     bool UseNUMAInterleaving                      = false                                     {product} {ergonomic}

Logging:
Log output configuration:
 #0: stdout all=warning uptime,level,tags
 #1: stderr all=off uptime,level,tags

Environment Variables:
PATH=/usr/local/bin:/usr/bin:/bin:/usr/sbin:/sbin
SHELL=/bin/zsh
LC_CTYPE=en_US.UTF-8

Signal Handlers:
SIGSEGV: [libjvm.dylib+0xa8e450], sa_mask[0]=11111111011111110111111111111111, sa_flags=SA_ONSTACK|SA_RESTART|SA_SIGINFO
SIGBUS: [libjvm.dylib+0xa8e450], sa_mask[0]=11111111011111110111111111111111, sa_flags=SA_RESTART|SA_SIGINFO
SIGFPE: [libjvm.dylib+0xa8e450], sa_mask[0]=11111111011111110111111111111111, sa_flags=SA_RESTART|SA_SIGINFO
SIGPIPE: [libjvm.dylib+0x8490d0], sa_mask[0]=11111111011111110111111111111111, sa_flags=SA_RESTART|SA_SIGINFO
SIGXFSZ: [libjvm.dylib+0x8490d0], sa_mask[0]=11111111011111110111111111111111, sa_flags=SA_RESTART|SA_SIGINFO
SIGILL: [libjvm.dylib+0xa8e450], sa_mask[0]=11111111011111110111111111111111, sa_flags=SA_RESTART|SA_SIGINFO
SIGUSR2: [libjvm.dylib+0x849be0], sa_mask[0]=00100000000000000000000000000000, sa_flags=SA_RESTART|SA_SIGINFO
SIGHUP: [libjvm.dylib+0x8482e0], sa_mask[0]=11111111011111110111111111111111, sa_flags=SA_RESTART|SA_SIGINFO
SIGINT: [libjvm.dylib+0x8482e0], sa_mask[0]=11111111011111110111111111111111, sa_flags=SA_RESTART|SA_SIGINFO
SIGTERM: [libjvm.dylib+0x8482e0], sa_mask[0]=11111111011111110111111111111111, sa_flags=SA_RESTART|SA_SIGINFO
SIGQUIT: [libjvm.dylib+0x8482e0], sa_mask[0]=11111111011111110111111111111111, sa_flags=SA_RESTART|SA_SIGINFO


---------------  S Y S T E M  ---------------

OS:uname: Darwin 21.5.0 Darwin Kernel Version 21.5.0: Tue Apr 26 21:08:22 PDT 2022; root:xnu-8020.121.3~4/RELEASE_X86_64 x86_64
OS uptime: 16 days 10:08 hours
rlimit (soft/hard): STACK 8192k/65532k , CORE 0k/infinity , NPROC 1392/2088 , NOFILE 10240/infinity , AS infinity/infinity , CPU infinity/infinity , DATA infinity/infinity , FSIZE infinity/infinity , MEMLOCK infinity/infinity , RSS infinity/infinity
load average: 3.19 4.17 4.51

CPU: total 4 (initial active 4) (2 cores per cpu, 2 threads per core) family 6 model 61 stepping 4 microcode 0x2f, cmov, cx8, fxsr, mmx, sse, sse2, sse3, ssse3, sse4.1, sse4.2, popcnt, vzeroupper, avx, avx2, aes, clmul, erms, 3dnowpref, lzcnt, ht, tsc, tscinvbit, bmi1, bmi2, adx, fma, clflush

Memory: 4k page, physical 8388608k(254672k free), swap 2097152k(1277696k free)

vm_info: OpenJDK 64-Bit Server VM (15.0.7+4-MTS) for bsd-amd64 JRE (15.0.7+4-MTS) (Zulu15.40+19-CA), built on Apr 16 2022 08:36:19 by "zulu_re" with clang 4.2.1 Compatible Apple LLVM 11.0.0 (clang-1100.0.33.17)

END.
